#
# A fatal error has been detected by the Java Runtime Environment:
#
#  SIGSEGV (0xb) at pc=0x00007fcdbf5f0146, pid=4532, tid=140522879403776
#
# JRE version: OpenJDK Runtime Environment (7.0_79-b14) (build 1.7.0_79-b14)
# Java VM: OpenJDK 64-Bit Server VM (24.79-b02 mixed mode linux-amd64 compressed oops)
# Derivative: IcedTea 2.5.6
# Distribution: Ubuntu 14.04 LTS, package 7u79-2.5.6-0ubuntu1.14.04.1
# Problematic frame:
# C  [libglfw.so+0x9146]  glfwCreateWindow+0x116
#
# Failed to write core dump. Core dumps have been disabled. To enable core dumping, try "ulimit -c unlimited" before starting Java again
#
# If you would like to submit a bug report, please include
# instructions on how to reproduce the bug and visit:
#   http://icedtea.classpath.org/bugzilla
# The crash happened outside the Java Virtual Machine in native code.
# See problematic frame for where to report the bug.
#

---------------  T H R E A D  ---------------

Current thread (0x00007fcddc008800):  JavaThread "nREPL-worker-3" daemon [_thread_in_native, id=4735, stack(0x00007fce083f4000,0x00007fce084f5000)]

siginfo:si_signo=SIGSEGV: si_errno=0, si_code=1 (SEGV_MAPERR), si_addr=0x00000000000001d9

Registers:
RAX=0x0000000000000001, RBX=0x00007fcdbf7fec00, RCX=0x0000000000020003, RDX=0x00007fcdcc043380
RSP=0x00007fce084f1b80, RBP=0x00007fce084f1d10, RSI=0x0000000000000258, RDI=0x0000000000000320
R8 =0x0000000000000001, R9 =0x00007fcdcc043380, R10=0x00007fce1a012d81, R11=0x00007fce271c22f0
R12=0x0000000000000320, R13=0x0000000000000258, R14=0x00007fce084f1d78, R15=0x00007fcddc008800
RIP=0x00007fcdbf5f0146, EFLAGS=0x0000000000010202, CSGSFS=0x0000000000000033, ERR=0x0000000000000004
  TRAPNO=0x000000000000000e

Top of Stack: (sp=0x00007fce084f1b80)
0x00007fce084f1b80:   0000000000000000 00007fce1a050ca0
0x00007fce084f1b90:   0000000100030001 0000000000000000
0x00007fce084f1ba0:   0000000000000000 0000000000000000
0x00007fce084f1bb0:   0000000000000000 0000000000000001
0x00007fce084f1bc0:   0000025800000320 00007fcdcc043380
0x00007fce084f1bd0:   0000000100000001 0000000100000001
0x00007fce084f1be0:   0000000000000001 0000000000020003
0x00007fce084f1bf0:   0000000800000008 0000000800000008
0x00007fce084f1c00:   0000000800000018 0000000000000000
0x00007fce084f1c10:   0000000000000000 0000000000000000
0x00007fce084f1c20:   0000000000000000 0000000000000001
0x00007fce084f1c30:   0000000000000000 00007fce084f1ca0
0x00007fce084f1c40:   00000000bf8e1848 00000000bf8e1848
0x00007fce084f1c50:   00007fce084f1d10 0000000000000000
0x00007fce084f1c60:   00000000bf8e1848 00007fce084f1d78
0x00007fce084f1c70:   00007fcddc008800 00007fce1a012dad
0x00007fce084f1c80:   0000000000020003 0000000000000001
0x00007fce084f1c90:   00007fce084f1dc0 00007fce084f1d30
0x00007fce084f1ca0:   00007fcdec009b58 00007fcdec009b58
0x00007fce084f1cb0:   00007fcdec009b38 00007fcdec009b38
0x00007fce084f1cc0:   00007fcdfffffffe 0000000000000000
0x00007fce084f1cd0:   00007fce084f1cd0 00000000bf8e1848
0x00007fce084f1ce0:   00007fce084f1d78 00000000bf8e4540
0x00007fce084f1cf0:   0000000000000000 00000000bf8e1848
0x00007fce084f1d00:   0000000000000000 00007fce084f1d30
0x00007fce084f1d10:   00007fce084f1dc0 00007fce1a006175
0x00007fce084f1d20:   00000000f7e73398 00007fce1a00ecd7
0x00007fce084f1d30:   0000000000000001 00000000be47b160
0x00007fce084f1d40:   0000000000020003 00000000be4fb5f0
0x00007fce084f1d50:   00007fcdcc043380 00000000be47b170
0x00007fce084f1d60:   0000000000000258 0000000000000320
0x00007fce084f1d70:   00007fcdbf5f0030 00000000f7e65da0 

Instructions: (pc=0x00007fcdbf5f0146)
0x00007fcdbf5f0126:   43 68 48 89 44 24 60 89 7c 24 40 89 74 24 44 48
0x00007fcdbf5f0136:   89 54 24 48 48 89 4c 24 68 4c 89 44 24 38 74 0f
0x00007fcdbf5f0146:   41 8b a8 d8 01 00 00 85 ed 0f 84 0b 02 00 00 48
0x00007fcdbf5f0156:   85 c9 74 18 c7 44 24 50 01 00 00 00 c7 44 24 54 

Register to memory mapping:

RAX=0x0000000000000001 is an unknown value
RBX=0x00007fcdbf7fec00: <offset 0x217c00> in /tmp/lwjglvictor/6f5f8e99/libglfw.so at 0x00007fcdbf5e7000
RCX=0x0000000000020003 is an unknown value
RDX=0x00007fcdcc043380 is an unknown value
RSP=0x00007fce084f1b80 is pointing into the stack for thread: 0x00007fcddc008800
RBP=0x00007fce084f1d10 is pointing into the stack for thread: 0x00007fcddc008800
RSI=0x0000000000000258 is an unknown value
RDI=0x0000000000000320 is an unknown value
R8 =0x0000000000000001 is an unknown value
R9 =0x00007fcdcc043380 is an unknown value
R10=0x00007fce1a012d81 is at code_begin+641 in an Interpreter codelet
method entry point (kind = native)  [0x00007fce1a012b00, 0x00007fce1a013360]  2144 bytes
R11=0x00007fce271c22f0: <offset 0x85d2f0> in /usr/lib/jvm/java-7-openjdk-amd64/jre/lib/amd64/server/libjvm.so at 0x00007fce26965000
R12=0x0000000000000320 is an unknown value
R13=0x0000000000000258 is an unknown value
R14=0x00007fce084f1d78 is pointing into the stack for thread: 0x00007fcddc008800
R15=0x00007fcddc008800 is a thread


Stack: [0x00007fce083f4000,0x00007fce084f5000],  sp=0x00007fce084f1b80,  free space=1014k
Native frames: (J=compiled Java code, j=interpreted, Vv=VM code, C=native code)
C  [libglfw.so+0x9146]  glfwCreateWindow+0x116
j  org.lwjgl.glfw.GLFW.nglfwCreateWindow(IIJJJ)J+17
j  org.lwjgl.glfw.GLFW.glfwCreateWindow(IILjava/lang/CharSequence;JJ)J+29
j  test_lwjgl.core$eval10248.invokeStatic()Ljava/lang/Object;+25
j  test_lwjgl.core$eval10248.invoke()Ljava/lang/Object;+0
J 1438 C1 clojure.lang.Compiler.eval(Ljava/lang/Object;Z)Ljava/lang/Object; (393 bytes) @ 0x00007fce1a3b9e6c [0x00007fce1a3b8580+0x18ec]
j  clojure.lang.Compiler.eval(Ljava/lang/Object;)Ljava/lang/Object;+2
j  clojure.core$eval.invokeStatic(Ljava/lang/Object;)Ljava/lang/Object;+3
j  clojure.core$eval.invoke(Ljava/lang/Object;)Ljava/lang/Object;+3
j  clojure.main$repl$read_eval_print__7408$fn__7411.invoke()Ljava/lang/Object;+11
j  clojure.main$repl$read_eval_print__7408.invoke()Ljava/lang/Object;+178
j  clojure.main$repl$fn__7417.invoke()Ljava/lang/Object;+7
j  clojure.main$repl.invokeStatic(Lclojure/lang/ISeq;)Ljava/lang/Object;+608
j  clojure.main$repl.doInvoke(Ljava/lang/Object;)Ljava/lang/Object;+6
j  clojure.lang.RestFn.invoke(Ljava/lang/Object;Ljava/lang/Object;Ljava/lang/Object;Ljava/lang/Object;Ljava/lang/Object;Ljava/lang/Object;Ljava/lang/Object;Ljava/lang/Object;Ljava/lang/Object;Ljava/lang/Object;Ljava/lang/Object;Ljava/lang/Object;Ljava/lang/Object;Ljava/lang/Object;)Ljava/lang/Object;+259
j  clojure.tools.nrepl.middleware.interruptible_eval$evaluate$fn__682.invoke()Ljava/lang/Object;+305
J 413 C1 clojure.lang.AFn.applyToHelper(Lclojure/lang/IFn;Lclojure/lang/ISeq;)Ljava/lang/Object; (3238 bytes) @ 0x00007fce1a19d8d4 [0x00007fce1a199540+0x4394]
J 375 C1 clojure.lang.AFn.applyTo(Lclojure/lang/ISeq;)Ljava/lang/Object; (12 bytes) @ 0x00007fce1a187614 [0x00007fce1a1875e0+0x34]
J 1079 C1 clojure.core$apply.invokeStatic(Ljava/lang/Object;Ljava/lang/Object;)Ljava/lang/Object; (21 bytes) @ 0x00007fce1a2d693c [0x00007fce1a2d68c0+0x7c]
j  clojure.core$with_bindings_STAR_.invokeStatic(Ljava/lang/Object;Ljava/lang/Object;Lclojure/lang/ISeq;)Ljava/lang/Object;+13
j  clojure.core$with_bindings_STAR_.doInvoke(Ljava/lang/Object;Ljava/lang/Object;Ljava/lang/Object;)Ljava/lang/Object;+12
J 1595 C1 clojure.lang.RestFn.invoke(Ljava/lang/Object;Ljava/lang/Object;)Ljava/lang/Object; (119 bytes) @ 0x00007fce1a41092c [0x00007fce1a410880+0xac]
j  clojure.tools.nrepl.middleware.interruptible_eval$evaluate.invokeStatic(Ljava/lang/Object;Ljava/lang/Object;)Ljava/lang/Object;+703
j  clojure.tools.nrepl.middleware.interruptible_eval$evaluate.invoke(Ljava/lang/Object;Ljava/lang/Object;)Ljava/lang/Object;+6
j  clojure.tools.nrepl.middleware.interruptible_eval$interruptible_eval$fn__727$fn__730.invoke()Ljava/lang/Object;+105
j  clojure.tools.nrepl.middleware.interruptible_eval$run_next$fn__722.invoke()Ljava/lang/Object;+7
j  clojure.lang.AFn.run()V+1
j  java.util.concurrent.ThreadPoolExecutor.runWorker(Ljava/util/concurrent/ThreadPoolExecutor$Worker;)V+95
j  java.util.concurrent.ThreadPoolExecutor$Worker.run()V+5
j  java.lang.Thread.run()V+11
v  ~StubRoutines::call_stub
V  [libjvm.so+0x5e80c9]  JavaCalls::call_helper(JavaValue*, methodHandle*, JavaCallArguments*, Thread*)+0x339
V  [libjvm.so+0x5e6f1e]  JavaCalls::call_virtual(JavaValue*, Handle, KlassHandle, Symbol*, Symbol*, Thread*)+0x20e
V  [libjvm.so+0x623391]  thread_entry(JavaThread*, Thread*)+0xd1
V  [libjvm.so+0x900f40]  JavaThread::thread_main_inner()+0xf0
V  [libjvm.so+0x9011b1]  JavaThread::run()+0x221
V  [libjvm.so+0x7c4f62]  java_start(Thread*)+0xf2

Java frames: (J=compiled Java code, j=interpreted, Vv=VM code)
j  org.lwjgl.system.JNI.invokeIIPPPP(JIIJJJ)J+0
j  org.lwjgl.glfw.GLFW.nglfwCreateWindow(IIJJJ)J+17
j  org.lwjgl.glfw.GLFW.glfwCreateWindow(IILjava/lang/CharSequence;JJ)J+29
j  test_lwjgl.core$eval10248.invokeStatic()Ljava/lang/Object;+25
j  test_lwjgl.core$eval10248.invoke()Ljava/lang/Object;+0
J 1438 C1 clojure.lang.Compiler.eval(Ljava/lang/Object;Z)Ljava/lang/Object; (393 bytes) @ 0x00007fce1a3b9e6c [0x00007fce1a3b8580+0x18ec]
j  clojure.lang.Compiler.eval(Ljava/lang/Object;)Ljava/lang/Object;+2
j  clojure.core$eval.invokeStatic(Ljava/lang/Object;)Ljava/lang/Object;+3
j  clojure.core$eval.invoke(Ljava/lang/Object;)Ljava/lang/Object;+3
j  clojure.main$repl$read_eval_print__7408$fn__7411.invoke()Ljava/lang/Object;+11
j  clojure.main$repl$read_eval_print__7408.invoke()Ljava/lang/Object;+178
j  clojure.main$repl$fn__7417.invoke()Ljava/lang/Object;+7
j  clojure.main$repl.invokeStatic(Lclojure/lang/ISeq;)Ljava/lang/Object;+608
j  clojure.main$repl.doInvoke(Ljava/lang/Object;)Ljava/lang/Object;+6
j  clojure.lang.RestFn.invoke(Ljava/lang/Object;Ljava/lang/Object;Ljava/lang/Object;Ljava/lang/Object;Ljava/lang/Object;Ljava/lang/Object;Ljava/lang/Object;Ljava/lang/Object;Ljava/lang/Object;Ljava/lang/Object;Ljava/lang/Object;Ljava/lang/Object;Ljava/lang/Object;Ljava/lang/Object;)Ljava/lang/Object;+259
j  clojure.tools.nrepl.middleware.interruptible_eval$evaluate$fn__682.invoke()Ljava/lang/Object;+305
J 413 C1 clojure.lang.AFn.applyToHelper(Lclojure/lang/IFn;Lclojure/lang/ISeq;)Ljava/lang/Object; (3238 bytes) @ 0x00007fce1a19d8d4 [0x00007fce1a199540+0x4394]
J 375 C1 clojure.lang.AFn.applyTo(Lclojure/lang/ISeq;)Ljava/lang/Object; (12 bytes) @ 0x00007fce1a187614 [0x00007fce1a1875e0+0x34]
J 1079 C1 clojure.core$apply.invokeStatic(Ljava/lang/Object;Ljava/lang/Object;)Ljava/lang/Object; (21 bytes) @ 0x00007fce1a2d693c [0x00007fce1a2d68c0+0x7c]
j  clojure.core$with_bindings_STAR_.invokeStatic(Ljava/lang/Object;Ljava/lang/Object;Lclojure/lang/ISeq;)Ljava/lang/Object;+13
j  clojure.core$with_bindings_STAR_.doInvoke(Ljava/lang/Object;Ljava/lang/Object;Ljava/lang/Object;)Ljava/lang/Object;+12
J 1595 C1 clojure.lang.RestFn.invoke(Ljava/lang/Object;Ljava/lang/Object;)Ljava/lang/Object; (119 bytes) @ 0x00007fce1a41092c [0x00007fce1a410880+0xac]
j  clojure.tools.nrepl.middleware.interruptible_eval$evaluate.invokeStatic(Ljava/lang/Object;Ljava/lang/Object;)Ljava/lang/Object;+703
j  clojure.tools.nrepl.middleware.interruptible_eval$evaluate.invoke(Ljava/lang/Object;Ljava/lang/Object;)Ljava/lang/Object;+6
j  clojure.tools.nrepl.middleware.interruptible_eval$interruptible_eval$fn__727$fn__730.invoke()Ljava/lang/Object;+105
j  clojure.tools.nrepl.middleware.interruptible_eval$run_next$fn__722.invoke()Ljava/lang/Object;+7
j  clojure.lang.AFn.run()V+1
j  java.util.concurrent.ThreadPoolExecutor.runWorker(Ljava/util/concurrent/ThreadPoolExecutor$Worker;)V+95
j  java.util.concurrent.ThreadPoolExecutor$Worker.run()V+5
j  java.lang.Thread.run()V+11
v  ~StubRoutines::call_stub

---------------  P R O C E S S  ---------------

Java Threads: ( => current thread )
=>0x00007fcddc008800 JavaThread "nREPL-worker-3" daemon [_thread_in_native, id=4735, stack(0x00007fce083f4000,0x00007fce084f5000)]
  0x00007fcdcc2a5800 JavaThread "clojure-agent-send-pool-5" daemon [_thread_blocked, id=4654, stack(0x00007fcdb670f000,0x00007fcdb6810000)]
  0x00007fcdcc2a3800 JavaThread "clojure-agent-send-pool-4" daemon [_thread_blocked, id=4635, stack(0x00007fcdbc009000,0x00007fcdbc10a000)]
  0x00007fcdcc09a800 JavaThread "clojure-agent-send-pool-3" daemon [_thread_blocked, id=4589, stack(0x00007fcdbfa5a000,0x00007fcdbfb5b000)]
  0x00007fcdc4001800 JavaThread "clojure-agent-send-pool-2" daemon [_thread_blocked, id=4577, stack(0x00007fce080f1000,0x00007fce081f2000)]
  0x00007fcdcc029000 JavaThread "clojure-agent-send-pool-1" daemon [_thread_blocked, id=4567, stack(0x00007fce081f2000,0x00007fce082f3000)]
  0x00007fcdcc001800 JavaThread "clojure-agent-send-pool-0" daemon [_thread_blocked, id=4565, stack(0x00007fce082f3000,0x00007fce083f4000)]
  0x00007fcdd0001000 JavaThread "clojure-agent-send-off-pool-4" [_thread_in_native, id=4562, stack(0x00007fce084f5000,0x00007fce085f6000)]
  0x00007fcdd8009000 JavaThread "clojure-agent-send-off-pool-3" [_thread_in_native, id=4561, stack(0x00007fce085f6000,0x00007fce086f7000)]
  0x00007fcdd8005800 JavaThread "clojure-agent-send-off-pool-2" [_thread_blocked, id=4560, stack(0x00007fce086f7000,0x00007fce087f8000)]
  0x00007fce20e9f800 JavaThread "clojure-agent-send-off-pool-1" [_thread_blocked, id=4555, stack(0x00007fce08863000,0x00007fce08964000)]
  0x00007fce200b2000 JavaThread "Service Thread" daemon [_thread_blocked, id=4550, stack(0x00007fce184a6000,0x00007fce185a7000)]
  0x00007fce200af800 JavaThread "C1 CompilerThread2" daemon [_thread_blocked, id=4549, stack(0x00007fce185a7000,0x00007fce186a8000)]
  0x00007fce200ad800 JavaThread "C2 CompilerThread1" daemon [_thread_blocked, id=4548, stack(0x00007fce186a8000,0x00007fce187a9000)]
  0x00007fce200aa800 JavaThread "C2 CompilerThread0" daemon [_thread_blocked, id=4547, stack(0x00007fce187a9000,0x00007fce188aa000)]
  0x00007fce200a8800 JavaThread "Signal Dispatcher" daemon [_thread_blocked, id=4546, stack(0x00007fce188aa000,0x00007fce189ab000)]
  0x00007fce2007c800 JavaThread "Finalizer" daemon [_thread_blocked, id=4545, stack(0x00007fce1908e000,0x00007fce1918f000)]
  0x00007fce2007a800 JavaThread "Reference Handler" daemon [_thread_blocked, id=4544, stack(0x00007fce1918f000,0x00007fce19290000)]
  0x00007fce2000a800 JavaThread "main" [_thread_blocked, id=4537, stack(0x00007fce2846f000,0x00007fce28570000)]

Other Threads:
  0x00007fce20076000 VMThread [stack: 0x00007fce19290000,0x00007fce19391000] [id=4543]
  0x00007fce200bc800 WatcherThread [stack: 0x00007fce183a5000,0x00007fce184a6000] [id=4551]

VM state:not at safepoint (normal execution)

VM Mutex/Monitor currently owned by a thread: None

Heap
 PSYoungGen      total 289792K, used 196419K [0x00000000ed500000, 0x0000000100000000, 0x0000000100000000)
  eden space 274432K, 67% used [0x00000000ed500000,0x00000000f89c52b0,0x00000000fe100000)
  from space 15360K, 73% used [0x00000000ff100000,0x00000000ffc0b968,0x0000000100000000)
  to   space 15872K, 0% used [0x00000000fe100000,0x00000000fe100000,0x00000000ff080000)
 ParOldGen       total 37888K, used 24964K [0x00000000c8000000, 0x00000000ca500000, 0x00000000ed500000)
  object space 37888K, 65% used [0x00000000c8000000,0x00000000c98610c0,0x00000000ca500000)
 PSPermGen       total 31744K, used 31644K [0x00000000bda00000, 0x00000000bf900000, 0x00000000c8000000)
  object space 31744K, 99% used [0x00000000bda00000,0x00000000bf8e7368,0x00000000bf900000)

Card table byte_map: [0x00007fce24d25000,0x00007fce24f39000] byte_map_base: 0x00007fce24738000

Polling page: 0x00007fce28596000

Code Cache  [0x00007fce1a000000, 0x00007fce1a620000, 0x00007fce20000000)
 total_blobs=3088 nmethods=2570 adapters=451 free_code_cache=92104Kb largest_free_block=94296832

Compilation events (10 events):
Event: 143,424 Thread 0x00007fce200af800 2585       1       clojure.lang.Numbers::multiply (47 bytes)
Event: 143,425 Thread 0x00007fce200af800 nmethod 2585 0x00007fce1a523a90 code [0x00007fce1a523c00, 0x00007fce1a523eb8]
Event: 143,430 Thread 0x00007fce200af800 2586       1       clojure.core$nnext__4355::invokeStatic (10 bytes)
Event: 143,431 Thread 0x00007fce200af800 nmethod 2586 0x00007fce1a523710 code [0x00007fce1a523880, 0x00007fce1a5239d8]
Event: 143,431 Thread 0x00007fce200af800 2587       1       clojure.core$juxt$fn__4742::invoke (32 bytes)
Event: 143,432 Thread 0x00007fce200af800 nmethod 2587 0x00007fce1a42fe50 code [0x00007fce1a430000, 0x00007fce1a430448]
Event: 143,442 Thread 0x00007fce200af800 2588       1       clojure.lang.APersistentVector$Seq::first (14 bytes)
Event: 143,442 Thread 0x00007fce200af800 nmethod 2588 0x00007fce1a523350 code [0x00007fce1a5234c0, 0x00007fce1a523628]
Event: 143,447 Thread 0x00007fce200af800 2589       1       clojure.core$next__4341::invoke (7 bytes)
Event: 143,448 Thread 0x00007fce200af800 nmethod 2589 0x00007fce1a42fb10 code [0x00007fce1a42fc60, 0x00007fce1a42fdc8]

GC Heap History (10 events):
Event: 2,000 GC heap before
{Heap before GC invocations=6 (full 0):
 PSYoungGen      total 63488K, used 63456K [0x00000000ed500000, 0x00000000f5900000, 0x0000000100000000)
  eden space 61440K, 100% used [0x00000000ed500000,0x00000000f1100000,0x00000000f1100000)
  from space 2048K, 98% used [0x00000000f1100000,0x00000000f12f8020,0x00000000f1300000)
  to   space 6144K, 0% used [0x00000000f5300000,0x00000000f5300000,0x00000000f5900000)
 ParOldGen       total 37888K, used 9424K [0x00000000c8000000, 0x00000000ca500000, 0x00000000ed500000)
  object space 37888K, 24% used [0x00000000c8000000,0x00000000c89342e0,0x00000000ca500000)
 PSPermGen       total 21504K, used 15902K [0x00000000bda00000, 0x00000000bef00000, 0x00000000c8000000)
  object space 21504K, 73% used [0x00000000bda00000,0x00000000be987ad8,0x00000000bef00000)
Event: 2,017 GC heap after
Heap after GC invocations=6 (full 0):
 PSYoungGen      total 127488K, used 6128K [0x00000000ed500000, 0x00000000f5c00000, 0x0000000100000000)
  eden space 121344K, 0% used [0x00000000ed500000,0x00000000ed500000,0x00000000f4b80000)
  from space 6144K, 99% used [0x00000000f5300000,0x00000000f58fc030,0x00000000f5900000)
  to   space 7680K, 0% used [0x00000000f4b80000,0x00000000f4b80000,0x00000000f5300000)
 ParOldGen       total 37888K, used 10904K [0x00000000c8000000, 0x00000000ca500000, 0x00000000ed500000)
  object space 37888K, 28% used [0x00000000c8000000,0x00000000c8aa62e0,0x00000000ca500000)
 PSPermGen       total 21504K, used 15902K [0x00000000bda00000, 0x00000000bef00000, 0x00000000c8000000)
  object space 21504K, 73% used [0x00000000bda00000,0x00000000be987ad8,0x00000000bef00000)
}
Event: 2,431 GC heap before
{Heap before GC invocations=7 (full 0):
 PSYoungGen      total 127488K, used 127472K [0x00000000ed500000, 0x00000000f5c00000, 0x0000000100000000)
  eden space 121344K, 100% used [0x00000000ed500000,0x00000000f4b80000,0x00000000f4b80000)
  from space 6144K, 99% used [0x00000000f5300000,0x00000000f58fc030,0x00000000f5900000)
  to   space 7680K, 0% used [0x00000000f4b80000,0x00000000f4b80000,0x00000000f5300000)
 ParOldGen       total 37888K, used 10904K [0x00000000c8000000, 0x00000000ca500000, 0x00000000ed500000)
  object space 37888K, 28% used [0x00000000c8000000,0x00000000c8aa62e0,0x00000000ca500000)
 PSPermGen       total 21504K, used 17178K [0x00000000bda00000, 0x00000000bef00000, 0x00000000c8000000)
  object space 21504K, 79% used [0x00000000bda00000,0x00000000beac6968,0x00000000bef00000)
Event: 2,454 GC heap after
Heap after GC invocations=7 (full 0):
 PSYoungGen      total 129024K, used 7678K [0x00000000ed500000, 0x00000000fd900000, 0x0000000100000000)
  eden space 121344K, 0% used [0x00000000ed500000,0x00000000ed500000,0x00000000f4b80000)
  from space 7680K, 99% used [0x00000000f4b80000,0x00000000f52ffb48,0x00000000f5300000)
  to   space 11776K, 0% used [0x00000000fcd80000,0x00000000fcd80000,0x00000000fd900000)
 ParOldGen       total 37888K, used 15869K [0x00000000c8000000, 0x00000000ca500000, 0x00000000ed500000)
  object space 37888K, 41% used [0x00000000c8000000,0x00000000c8f7f4f8,0x00000000ca500000)
 PSPermGen       total 21504K, used 17178K [0x00000000bda00000, 0x00000000bef00000, 0x00000000c8000000)
  object space 21504K, 79% used [0x00000000bda00000,0x00000000beac6968,0x00000000bef00000)
}
Event: 3,045 GC heap before
{Heap before GC invocations=8 (full 0):
 PSYoungGen      total 129024K, used 129022K [0x00000000ed500000, 0x00000000fd900000, 0x0000000100000000)
  eden space 121344K, 100% used [0x00000000ed500000,0x00000000f4b80000,0x00000000f4b80000)
  from space 7680K, 99% used [0x00000000f4b80000,0x00000000f52ffb48,0x00000000f5300000)
  to   space 11776K, 0% used [0x00000000fcd80000,0x00000000fcd80000,0x00000000fd900000)
 ParOldGen       total 37888K, used 15869K [0x00000000c8000000, 0x00000000ca500000, 0x00000000ed500000)
  object space 37888K, 41% used [0x00000000c8000000,0x00000000c8f7f4f8,0x00000000ca500000)
 PSPermGen       total 21504K, used 18680K [0x00000000bda00000, 0x00000000bef00000, 0x00000000c8000000)
  object space 21504K, 86% used [0x00000000bda00000,0x00000000bec3e050,0x00000000bef00000)
Event: 3,061 GC heap after
Heap after GC invocations=8 (full 0):
 PSYoungGen      total 254464K, used 7710K [0x00000000ed500000, 0x00000000fd900000, 0x0000000100000000)
  eden space 242688K, 0% used [0x00000000ed500000,0x00000000ed500000,0x00000000fc200000)
  from space 11776K, 65% used [0x00000000fcd80000,0x00000000fd507b08,0x00000000fd900000)
  to   space 11776K, 0% used [0x00000000fc200000,0x00000000fc200000,0x00000000fcd80000)
 ParOldGen       total 37888K, used 16503K [0x00000000c8000000, 0x00000000ca500000, 0x00000000ed500000)
  object space 37888K, 43% used [0x00000000c8000000,0x00000000c901dd08,0x00000000ca500000)
 PSPermGen       total 21504K, used 18680K [0x00000000bda00000, 0x00000000bef00000, 0x00000000c8000000)
  object space 21504K, 86% used [0x00000000bda00000,0x00000000bec3e050,0x00000000bef00000)
}
Event: 4,356 GC heap before
{Heap before GC invocations=9 (full 0):
 PSYoungGen      total 254464K, used 250398K [0x00000000ed500000, 0x00000000fd900000, 0x0000000100000000)
  eden space 242688K, 100% used [0x00000000ed500000,0x00000000fc200000,0x00000000fc200000)
  from space 11776K, 65% used [0x00000000fcd80000,0x00000000fd507b08,0x00000000fd900000)
  to   space 11776K, 0% used [0x00000000fc200000,0x00000000fc200000,0x00000000fcd80000)
 ParOldGen       total 37888K, used 16503K [0x00000000c8000000, 0x00000000ca500000, 0x00000000ed500000)
  object space 37888K, 43% used [0x00000000c8000000,0x00000000c901dd08,0x00000000ca500000)
 PSPermGen       total 23552K, used 23351K [0x00000000bda00000, 0x00000000bf100000, 0x00000000c8000000)
  object space 23552K, 99% used [0x00000000bda00000,0x00000000bf0cde50,0x00000000bf100000)
Event: 4,385 GC heap after
Heap after GC invocations=9 (full 0):
 PSYoungGen      total 254464K, used 11759K [0x00000000ed500000, 0x0000000100000000, 0x0000000100000000)
  eden space 242688K, 0% used [0x00000000ed500000,0x00000000ed500000,0x00000000fc200000)
  from space 11776K, 99% used [0x00000000fc200000,0x00000000fcd7bc18,0x00000000fcd80000)
  to   space 15360K, 0% used [0x00000000ff100000,0x00000000ff100000,0x0000000100000000)
 ParOldGen       total 37888K, used 20804K [0x00000000c8000000, 0x00000000ca500000, 0x00000000ed500000)
  object space 37888K, 54% used [0x00000000c8000000,0x00000000c94510c0,0x00000000ca500000)
 PSPermGen       total 23552K, used 23351K [0x00000000bda00000, 0x00000000bf100000, 0x00000000c8000000)
  object space 23552K, 99% used [0x00000000bda00000,0x00000000bf0cde50,0x00000000bf100000)
}
Event: 5,687 GC heap before
{Heap before GC invocations=10 (full 0):
 PSYoungGen      total 254464K, used 254447K [0x00000000ed500000, 0x0000000100000000, 0x0000000100000000)
  eden space 242688K, 100% used [0x00000000ed500000,0x00000000fc200000,0x00000000fc200000)
  from space 11776K, 99% used [0x00000000fc200000,0x00000000fcd7bc18,0x00000000fcd80000)
  to   space 15360K, 0% used [0x00000000ff100000,0x00000000ff100000,0x0000000100000000)
 ParOldGen       total 37888K, used 20804K [0x00000000c8000000, 0x00000000ca500000, 0x00000000ed500000)
  object space 37888K, 54% used [0x00000000c8000000,0x00000000c94510c0,0x00000000ca500000)
 PSPermGen       total 28160K, used 27834K [0x00000000bda00000, 0x00000000bf580000, 0x00000000c8000000)
  object space 28160K, 98% used [0x00000000bda00000,0x00000000bf52eae0,0x00000000bf580000)
Event: 5,721 GC heap after
Heap after GC invocations=10 (full 0):
 PSYoungGen      total 289792K, used 11310K [0x00000000ed500000, 0x0000000100000000, 0x0000000100000000)
  eden space 274432K, 0% used [0x00000000ed500000,0x00000000ed500000,0x00000000fe100000)
  from space 15360K, 73% used [0x00000000ff100000,0x00000000ffc0b968,0x0000000100000000)
  to   space 15872K, 0% used [0x00000000fe100000,0x00000000fe100000,0x00000000ff080000)
 ParOldGen       total 37888K, used 24964K [0x00000000c8000000, 0x00000000ca500000, 0x00000000ed500000)
  object space 37888K, 65% used [0x00000000c8000000,0x00000000c98610c0,0x00000000ca500000)
 PSPermGen       total 28160K, used 27834K [0x00000000bda00000, 0x00000000bf580000, 0x00000000c8000000)
  object space 28160K, 98% used [0x00000000bda00000,0x00000000bf52eae0,0x00000000bf580000)
}

Deoptimization events (0 events):
No events

Internal exceptions (10 events):
Event: 143,427 Thread 0x00007fcddc008800 Threw 0x00000000f88198c0 at /build/openjdk-7-FO0dNI/openjdk-7-7u79-2.5.6/build/openjdk/hotspot/src/share/vm/prims/jvm.cpp:1284
Event: 143,435 Thread 0x00007fcdcc029000 Threw 0x00000000f7a49658 at /build/openjdk-7-FO0dNI/openjdk-7-7u79-2.5.6/build/openjdk/hotspot/src/share/vm/prims/jvm.cpp:1284
Event: 143,435 Thread 0x00007fcdcc029000 Threw 0x00000000f7a4cc70 at /build/openjdk-7-FO0dNI/openjdk-7-7u79-2.5.6/build/openjdk/hotspot/src/share/vm/prims/jvm.cpp:1284
Event: 143,435 Thread 0x00007fcdcc029000 Threw 0x00000000f7a4d1a0 at /build/openjdk-7-FO0dNI/openjdk-7-7u79-2.5.6/build/openjdk/hotspot/src/share/vm/prims/jvm.cpp:1284
Event: 143,436 Thread 0x00007fcdcc029000 Threw 0x00000000f7a4d6d0 at /build/openjdk-7-FO0dNI/openjdk-7-7u79-2.5.6/build/openjdk/hotspot/src/share/vm/prims/jvm.cpp:1284
Event: 166,348 Thread 0x00007fcdc4001800 Threw 0x00000000f7be5288 at /build/openjdk-7-FO0dNI/openjdk-7-7u79-2.5.6/build/openjdk/hotspot/src/share/vm/prims/jvm.cpp:1284
Event: 166,348 Thread 0x00007fcdc4001800 Threw 0x00000000f7be88a0 at /build/openjdk-7-FO0dNI/openjdk-7-7u79-2.5.6/build/openjdk/hotspot/src/share/vm/prims/jvm.cpp:1284
Event: 166,348 Thread 0x00007fcdc4001800 Threw 0x00000000f7be8dd0 at /build/openjdk-7-FO0dNI/openjdk-7-7u79-2.5.6/build/openjdk/hotspot/src/share/vm/prims/jvm.cpp:1284
Event: 166,348 Thread 0x00007fcdc4001800 Threw 0x00000000f7be9300 at /build/openjdk-7-FO0dNI/openjdk-7-7u79-2.5.6/build/openjdk/hotspot/src/share/vm/prims/jvm.cpp:1284
Event: 170,298 Thread 0x00007fcddc008800 Threw 0x00000000f887d028 at /build/openjdk-7-FO0dNI/openjdk-7-7u79-2.5.6/build/openjdk/hotspot/src/share/vm/prims/jvm.cpp:1284

Events (10 events):
Event: 143,426 loading class 0x00007fcdcc139630
Event: 143,426 loading class 0x00007fcdcc139630 done
Event: 143,427 loading class 0x00007fcdcc139630
Event: 143,427 loading class 0x00007fcdcc139630 done
Event: 143,435 loading class 0x00007fce2025c280
Event: 143,435 loading class 0x00007fce2025c280 done
Event: 166,348 loading class 0x00007fce2025c280
Event: 166,348 loading class 0x00007fce2025c280 done
Event: 170,298 loading class 0x00007fce20d1bad0
Event: 170,298 loading class 0x00007fce20d1bad0 done


Dynamic libraries:
00400000-00401000 r-xp 00000000 08:05 1325899                            /usr/lib/jvm/java-7-openjdk-amd64/jre/bin/java
00600000-00601000 r--p 00000000 08:05 1325899                            /usr/lib/jvm/java-7-openjdk-amd64/jre/bin/java
00601000-00602000 rw-p 00001000 08:05 1325899                            /usr/lib/jvm/java-7-openjdk-amd64/jre/bin/java
02434000-02455000 rw-p 00000000 00:00 0                                  [heap]
bda00000-bf900000 rw-p 00000000 00:00 0 
bf900000-c8000000 rw-p 00000000 00:00 0 
c8000000-ca500000 rw-p 00000000 00:00 0 
ca500000-ed500000 rw-p 00000000 00:00 0 
ed500000-100000000 rw-p 00000000 00:00 0 
7fcda8000000-7fcda8021000 rw-p 00000000 00:00 0 
7fcda8021000-7fcdac000000 ---p 00000000 00:00 0 
7fcdac000000-7fcdac021000 rw-p 00000000 00:00 0 
7fcdac021000-7fcdb0000000 ---p 00000000 00:00 0 
7fcdb0000000-7fcdb0021000 rw-p 00000000 00:00 0 
7fcdb0021000-7fcdb4000000 ---p 00000000 00:00 0 
7fcdb670f000-7fcdb6712000 ---p 00000000 00:00 0 
7fcdb6712000-7fcdb6810000 rw-p 00000000 00:00 0                          [stack:4654]
7fcdb6810000-7fcdb6818000 r-xp 00000000 08:05 1446924                    /usr/lib/x86_64-linux-gnu/libpciaccess.so.0.11.1
7fcdb6818000-7fcdb6a17000 ---p 00008000 08:05 1446924                    /usr/lib/x86_64-linux-gnu/libpciaccess.so.0.11.1
7fcdb6a17000-7fcdb6a18000 r--p 00007000 08:05 1446924                    /usr/lib/x86_64-linux-gnu/libpciaccess.so.0.11.1
7fcdb6a18000-7fcdb6a19000 rw-p 00008000 08:05 1446924                    /usr/lib/x86_64-linux-gnu/libpciaccess.so.0.11.1
7fcdb6a19000-7fcdb6a24000 r-xp 00000000 08:05 1442659                    /usr/lib/x86_64-linux-gnu/libdrm_radeon.so.1.0.1
7fcdb6a24000-7fcdb6c23000 ---p 0000b000 08:05 1442659                    /usr/lib/x86_64-linux-gnu/libdrm_radeon.so.1.0.1
7fcdb6c23000-7fcdb6c24000 r--p 0000a000 08:05 1442659                    /usr/lib/x86_64-linux-gnu/libdrm_radeon.so.1.0.1
7fcdb6c24000-7fcdb6c25000 rw-p 0000b000 08:05 1442659                    /usr/lib/x86_64-linux-gnu/libdrm_radeon.so.1.0.1
7fcdb6c25000-7fcdb6c2b000 r-xp 00000000 08:05 1442657                    /usr/lib/x86_64-linux-gnu/libdrm_nouveau.so.2.0.0
7fcdb6c2b000-7fcdb6e2a000 ---p 00006000 08:05 1442657                    /usr/lib/x86_64-linux-gnu/libdrm_nouveau.so.2.0.0
7fcdb6e2a000-7fcdb6e2b000 r--p 00005000 08:05 1442657                    /usr/lib/x86_64-linux-gnu/libdrm_nouveau.so.2.0.0
7fcdb6e2b000-7fcdb6e2c000 rw-p 00006000 08:05 1442657                    /usr/lib/x86_64-linux-gnu/libdrm_nouveau.so.2.0.0
7fcdb6e2c000-7fcdb6e4b000 r-xp 00000000 08:05 1486284                    /usr/lib/x86_64-linux-gnu/libdrm_intel.so.1.0.0
7fcdb6e4b000-7fcdb704a000 ---p 0001f000 08:05 1486284                    /usr/lib/x86_64-linux-gnu/libdrm_intel.so.1.0.0
7fcdb704a000-7fcdb704b000 r--p 0001e000 08:05 1486284                    /usr/lib/x86_64-linux-gnu/libdrm_intel.so.1.0.0
7fcdb704b000-7fcdb704c000 rw-p 0001f000 08:05 1486284                    /usr/lib/x86_64-linux-gnu/libdrm_intel.so.1.0.0
7fcdb704c000-7fcdb7554000 r-xp 00000000 08:05 505                        /usr/lib/x86_64-linux-gnu/dri/i965_dri.so
7fcdb7554000-7fcdb7753000 ---p 00508000 08:05 505                        /usr/lib/x86_64-linux-gnu/dri/i965_dri.so
7fcdb7753000-7fcdb776d000 r--p 00507000 08:05 505                        /usr/lib/x86_64-linux-gnu/dri/i965_dri.so
7fcdb776d000-7fcdb7773000 rw-p 00521000 08:05 505                        /usr/lib/x86_64-linux-gnu/dri/i965_dri.so
7fcdb7773000-7fcdb777e000 rw-p 00000000 00:00 0 
7fcdb777e000-7fcdb77c2000 r-xp 00000000 08:05 1181779                    /lib/x86_64-linux-gnu/libdbus-1.so.3.7.6
7fcdb77c2000-7fcdb79c1000 ---p 00044000 08:05 1181779                    /lib/x86_64-linux-gnu/libdbus-1.so.3.7.6
7fcdb79c1000-7fcdb79c2000 r--p 00043000 08:05 1181779                    /lib/x86_64-linux-gnu/libdbus-1.so.3.7.6
7fcdb79c2000-7fcdb79c3000 rw-p 00044000 08:05 1181779                    /lib/x86_64-linux-gnu/libdbus-1.so.3.7.6
7fcdb79c3000-7fcdb79cb000 r-xp 00000000 08:05 1181827                    /lib/x86_64-linux-gnu/libnih-dbus.so.1.0.0
7fcdb79cb000-7fcdb7bcb000 ---p 00008000 08:05 1181827                    /lib/x86_64-linux-gnu/libnih-dbus.so.1.0.0
7fcdb7bcb000-7fcdb7bcc000 r--p 00008000 08:05 1181827                    /lib/x86_64-linux-gnu/libnih-dbus.so.1.0.0
7fcdb7bcc000-7fcdb7bcd000 rw-p 00009000 08:05 1181827                    /lib/x86_64-linux-gnu/libnih-dbus.so.1.0.0
7fcdb7bcd000-7fcdb7be4000 r-xp 00000000 08:05 1181829                    /lib/x86_64-linux-gnu/libnih.so.1.0.0
7fcdb7be4000-7fcdb7de3000 ---p 00017000 08:05 1181829                    /lib/x86_64-linux-gnu/libnih.so.1.0.0
7fcdb7de3000-7fcdb7de4000 r--p 00016000 08:05 1181829                    /lib/x86_64-linux-gnu/libnih.so.1.0.0
7fcdb7de4000-7fcdb7de5000 rw-p 00017000 08:05 1181829                    /lib/x86_64-linux-gnu/libnih.so.1.0.0
7fcdb7de5000-7fcdb7dfe000 r-xp 00000000 08:05 1181770                    /lib/x86_64-linux-gnu/libcgmanager.so.0.0.0
7fcdb7dfe000-7fcdb7ffd000 ---p 00019000 08:05 1181770                    /lib/x86_64-linux-gnu/libcgmanager.so.0.0.0
7fcdb7ffd000-7fcdb7fff000 r--p 00018000 08:05 1181770                    /lib/x86_64-linux-gnu/libcgmanager.so.0.0.0
7fcdb7fff000-7fcdb8000000 rw-p 0001a000 08:05 1181770                    /lib/x86_64-linux-gnu/libcgmanager.so.0.0.0
7fcdb8000000-7fcdb8021000 rw-p 00000000 00:00 0 
7fcdb8021000-7fcdbc000000 ---p 00000000 00:00 0 
7fcdbc009000-7fcdbc00c000 ---p 00000000 00:00 0 
7fcdbc00c000-7fcdbc10a000 rw-p 00000000 00:00 0                          [stack:4635]
7fcdbc10a000-7fcdbc11a000 r-xp 00000000 08:05 1181644                    /lib/x86_64-linux-gnu/libudev.so.1.3.5
7fcdbc11a000-7fcdbc319000 ---p 00010000 08:05 1181644                    /lib/x86_64-linux-gnu/libudev.so.1.3.5
7fcdbc319000-7fcdbc31a000 r--p 0000f000 08:05 1181644                    /lib/x86_64-linux-gnu/libudev.so.1.3.5
7fcdbc31a000-7fcdbc31b000 rw-p 00010000 08:05 1181644                    /lib/x86_64-linux-gnu/libudev.so.1.3.5
7fcdbc31b000-7fcdbc327000 r-xp 00000000 08:05 1486281                    /usr/lib/x86_64-linux-gnu/libdrm.so.2.4.0
7fcdbc327000-7fcdbc526000 ---p 0000c000 08:05 1486281                    /usr/lib/x86_64-linux-gnu/libdrm.so.2.4.0
7fcdbc526000-7fcdbc527000 r--p 0000b000 08:05 1486281                    /usr/lib/x86_64-linux-gnu/libdrm.so.2.4.0
7fcdbc527000-7fcdbc528000 rw-p 0000c000 08:05 1486281                    /usr/lib/x86_64-linux-gnu/libdrm.so.2.4.0
7fcdbc528000-7fcdbc529000 r-xp 00000000 08:05 1447251                    /usr/lib/x86_64-linux-gnu/libxshmfence.so.1.0.0
7fcdbc529000-7fcdbc728000 ---p 00001000 08:05 1447251                    /usr/lib/x86_64-linux-gnu/libxshmfence.so.1.0.0
7fcdbc728000-7fcdbc729000 r--p 00000000 08:05 1447251                    /usr/lib/x86_64-linux-gnu/libxshmfence.so.1.0.0
7fcdbc729000-7fcdbc72a000 rw-p 00001000 08:05 1447251                    /usr/lib/x86_64-linux-gnu/libxshmfence.so.1.0.0
7fcdbc72a000-7fcdbc72f000 r-xp 00000000 08:05 1447233                    /usr/lib/x86_64-linux-gnu/libxcb-sync.so.1.0.0
7fcdbc72f000-7fcdbc92e000 ---p 00005000 08:05 1447233                    /usr/lib/x86_64-linux-gnu/libxcb-sync.so.1.0.0
7fcdbc92e000-7fcdbc92f000 r--p 00004000 08:05 1447233                    /usr/lib/x86_64-linux-gnu/libxcb-sync.so.1.0.0
7fcdbc92f000-7fcdbc930000 rw-p 00005000 08:05 1447233                    /usr/lib/x86_64-linux-gnu/libxcb-sync.so.1.0.0
7fcdbc930000-7fcdbc932000 r-xp 00000000 08:05 1447221                    /usr/lib/x86_64-linux-gnu/libxcb-present.so.0.0.0
7fcdbc932000-7fcdbcb31000 ---p 00002000 08:05 1447221                    /usr/lib/x86_64-linux-gnu/libxcb-present.so.0.0.0
7fcdbcb31000-7fcdbcb32000 r--p 00001000 08:05 1447221                    /usr/lib/x86_64-linux-gnu/libxcb-present.so.0.0.0
7fcdbcb32000-7fcdbcb33000 rw-p 00002000 08:05 1447221                    /usr/lib/x86_64-linux-gnu/libxcb-present.so.0.0.0
7fcdbcb33000-7fcdbcb35000 r-xp 00000000 08:05 1447211                    /usr/lib/x86_64-linux-gnu/libxcb-dri3.so.0.0.0
7fcdbcb35000-7fcdbcd34000 ---p 00002000 08:05 1447211                    /usr/lib/x86_64-linux-gnu/libxcb-dri3.so.0.0.0
7fcdbcd34000-7fcdbcd35000 r--p 00001000 08:05 1447211                    /usr/lib/x86_64-linux-gnu/libxcb-dri3.so.0.0.0
7fcdbcd35000-7fcdbcd36000 rw-p 00002000 08:05 1447211                    /usr/lib/x86_64-linux-gnu/libxcb-dri3.so.0.0.0
7fcdbcd36000-7fcdbcd39000 r-xp 00000000 08:05 1447209                    /usr/lib/x86_64-linux-gnu/libxcb-dri2.so.0.0.0
7fcdbcd39000-7fcdbcf39000 ---p 00003000 08:05 1447209                    /usr/lib/x86_64-linux-gnu/libxcb-dri2.so.0.0.0
7fcdbcf39000-7fcdbcf3a000 r--p 00003000 08:05 1447209                    /usr/lib/x86_64-linux-gnu/libxcb-dri2.so.0.0.0
7fcdbcf3a000-7fcdbcf3b000 rw-p 00004000 08:05 1447209                    /usr/lib/x86_64-linux-gnu/libxcb-dri2.so.0.0.0
7fcdbcf3b000-7fcdbcf50000 r-xp 00000000 08:05 1447213                    /usr/lib/x86_64-linux-gnu/libxcb-glx.so.0.0.0
7fcdbcf50000-7fcdbd14f000 ---p 00015000 08:05 1447213                    /usr/lib/x86_64-linux-gnu/libxcb-glx.so.0.0.0
7fcdbd14f000-7fcdbd151000 r--p 00014000 08:05 1447213                    /usr/lib/x86_64-linux-gnu/libxcb-glx.so.0.0.0
7fcdbd151000-7fcdbd152000 rw-p 00016000 08:05 1447213                    /usr/lib/x86_64-linux-gnu/libxcb-glx.so.0.0.0
7fcdbd152000-7fcdbd153000 r-xp 00000000 08:05 1446167                    /usr/lib/x86_64-linux-gnu/libX11-xcb.so.1.0.0
7fcdbd153000-7fcdbd352000 ---p 00001000 08:05 1446167                    /usr/lib/x86_64-linux-gnu/libX11-xcb.so.1.0.0
7fcdbd352000-7fcdbd353000 r--p 00000000 08:05 1446167                    /usr/lib/x86_64-linux-gnu/libX11-xcb.so.1.0.0
7fcdbd353000-7fcdbd354000 rw-p 00001000 08:05 1446167                    /usr/lib/x86_64-linux-gnu/libX11-xcb.so.1.0.0
7fcdbd354000-7fcdbd356000 r-xp 00000000 08:05 1446182                    /usr/lib/x86_64-linux-gnu/libXdamage.so.1.1.0
7fcdbd356000-7fcdbd555000 ---p 00002000 08:05 1446182                    /usr/lib/x86_64-linux-gnu/libXdamage.so.1.1.0
7fcdbd555000-7fcdbd556000 r--p 00001000 08:05 1446182                    /usr/lib/x86_64-linux-gnu/libXdamage.so.1.1.0
7fcdbd556000-7fcdbd557000 rw-p 00002000 08:05 1446182                    /usr/lib/x86_64-linux-gnu/libXdamage.so.1.1.0
7fcdbd557000-7fcdbd57b000 r-xp 00000000 08:05 1446560                    /usr/lib/x86_64-linux-gnu/libglapi.so.0.0.0
7fcdbd57b000-7fcdbd77b000 ---p 00024000 08:05 1446560                    /usr/lib/x86_64-linux-gnu/libglapi.so.0.0.0
7fcdbd77b000-7fcdbd77e000 r--p 00024000 08:05 1446560                    /usr/lib/x86_64-linux-gnu/libglapi.so.0.0.0
7fcdbd77e000-7fcdbd77f000 rw-p 00027000 08:05 1446560                    /usr/lib/x86_64-linux-gnu/libglapi.so.0.0.0
7fcdbd77f000-7fcdbd780000 rw-p 00000000 00:00 0 
7fcdbd780000-7fcdbd7a7000 r-xp 00000000 08:05 1181787                    /lib/x86_64-linux-gnu/libexpat.so.1.6.0
7fcdbd7a7000-7fcdbd9a7000 ---p 00027000 08:05 1181787                    /lib/x86_64-linux-gnu/libexpat.so.1.6.0
7fcdbd9a7000-7fcdbd9a9000 r--p 00027000 08:05 1181787                    /lib/x86_64-linux-gnu/libexpat.so.1.6.0
7fcdbd9a9000-7fcdbd9aa000 rw-p 00029000 08:05 1181787                    /lib/x86_64-linux-gnu/libexpat.so.1.6.0
7fcdbd9aa000-7fcdbda36000 r-xp 00000000 08:05 1613                       /usr/lib/x86_64-linux-gnu/mesa/libGL.so.1.2.0
7fcdbda36000-7fcdbdc35000 ---p 0008c000 08:05 1613                       /usr/lib/x86_64-linux-gnu/mesa/libGL.so.1.2.0
7fcdbdc35000-7fcdbdc38000 r--p 0008b000 08:05 1613                       /usr/lib/x86_64-linux-gnu/mesa/libGL.so.1.2.0
7fcdbdc38000-7fcdbdc39000 rw-p 0008e000 08:05 1613                       /usr/lib/x86_64-linux-gnu/mesa/libGL.so.1.2.0
7fcdbdc39000-7fcdbdc3a000 rw-p 00000000 00:00 0 
7fcdbdc3a000-7fcdbdc3f000 r-xp 00000000 08:05 1446184                    /usr/lib/x86_64-linux-gnu/libXdmcp.so.6.0.0
7fcdbdc3f000-7fcdbde3e000 ---p 00005000 08:05 1446184                    /usr/lib/x86_64-linux-gnu/libXdmcp.so.6.0.0
7fcdbde3e000-7fcdbde3f000 r--p 00004000 08:05 1446184                    /usr/lib/x86_64-linux-gnu/libXdmcp.so.6.0.0
7fcdbde3f000-7fcdbde40000 rw-p 00005000 08:05 1446184                    /usr/lib/x86_64-linux-gnu/libXdmcp.so.6.0.0
7fcdbde40000-7fcdbde42000 r-xp 00000000 08:05 1446173                    /usr/lib/x86_64-linux-gnu/libXau.so.6.0.0
7fcdbde42000-7fcdbe042000 ---p 00002000 08:05 1446173                    /usr/lib/x86_64-linux-gnu/libXau.so.6.0.0
7fcdbe042000-7fcdbe043000 r--p 00002000 08:05 1446173                    /usr/lib/x86_64-linux-gnu/libXau.so.6.0.0
7fcdbe043000-7fcdbe044000 rw-p 00003000 08:05 1446173                    /usr/lib/x86_64-linux-gnu/libXau.so.6.0.0
7fcdbe044000-7fcdbe049000 r-xp 00000000 08:05 1446505                    /usr/lib/x86_64-linux-gnu/libXfixes.so.3.1.0
7fcdbe049000-7fcdbe248000 ---p 00005000 08:05 1446505                    /usr/lib/x86_64-linux-gnu/libXfixes.so.3.1.0
7fcdbe248000-7fcdbe249000 r--p 00004000 08:05 1446505                    /usr/lib/x86_64-linux-gnu/libXfixes.so.3.1.0
7fcdbe249000-7fcdbe24a000 rw-p 00005000 08:05 1446505                    /usr/lib/x86_64-linux-gnu/libXfixes.so.3.1.0
7fcdbe24a000-7fcdbe253000 r-xp 00000000 08:05 1462770                    /usr/lib/x86_64-linux-gnu/libXrender.so.1.3.0
7fcdbe253000-7fcdbe452000 ---p 00009000 08:05 1462770                    /usr/lib/x86_64-linux-gnu/libXrender.so.1.3.0
7fcdbe452000-7fcdbe453000 r--p 00008000 08:05 1462770                    /usr/lib/x86_64-linux-gnu/libXrender.so.1.3.0
7fcdbe453000-7fcdbe454000 rw-p 00009000 08:05 1462770                    /usr/lib/x86_64-linux-gnu/libXrender.so.1.3.0
7fcdbe454000-7fcdbe465000 r-xp 00000000 08:05 1448055                    /usr/lib/x86_64-linux-gnu/libXext.so.6.4.0
7fcdbe465000-7fcdbe664000 ---p 00011000 08:05 1448055                    /usr/lib/x86_64-linux-gnu/libXext.so.6.4.0
7fcdbe664000-7fcdbe665000 r--p 00010000 08:05 1448055                    /usr/lib/x86_64-linux-gnu/libXext.so.6.4.0
7fcdbe665000-7fcdbe666000 rw-p 00011000 08:05 1448055                    /usr/lib/x86_64-linux-gnu/libXext.so.6.4.0
7fcdbe666000-7fcdbe683000 r-xp 00000000 08:05 1447241                    /usr/lib/x86_64-linux-gnu/libxcb.so.1.1.0
7fcdbe683000-7fcdbe883000 ---p 0001d000 08:05 1447241                    /usr/lib/x86_64-linux-gnu/libxcb.so.1.1.0
7fcdbe883000-7fcdbe884000 r--p 0001d000 08:05 1447241                    /usr/lib/x86_64-linux-gnu/libxcb.so.1.1.0
7fcdbe884000-7fcdbe885000 rw-p 0001e000 08:05 1447241                    /usr/lib/x86_64-linux-gnu/libxcb.so.1.1.0
7fcdbe885000-7fcdbe88e000 r-xp 00000000 08:05 1446180                    /usr/lib/x86_64-linux-gnu/libXcursor.so.1.0.2
7fcdbe88e000-7fcdbea8d000 ---p 00009000 08:05 1446180                    /usr/lib/x86_64-linux-gnu/libXcursor.so.1.0.2
7fcdbea8d000-7fcdbea8e000 r--p 00008000 08:05 1446180                    /usr/lib/x86_64-linux-gnu/libXcursor.so.1.0.2
7fcdbea8e000-7fcdbea8f000 rw-p 00009000 08:05 1446180                    /usr/lib/x86_64-linux-gnu/libXcursor.so.1.0.2
7fcdbea8f000-7fcdbea93000 r-xp 00000000 08:05 1446224                    /usr/lib/x86_64-linux-gnu/libXxf86vm.so.1.0.0
7fcdbea93000-7fcdbec93000 ---p 00004000 08:05 1446224                    /usr/lib/x86_64-linux-gnu/libXxf86vm.so.1.0.0
7fcdbec93000-7fcdbec94000 r--p 00004000 08:05 1446224                    /usr/lib/x86_64-linux-gnu/libXxf86vm.so.1.0.0
7fcdbec94000-7fcdbec95000 rw-p 00005000 08:05 1446224                    /usr/lib/x86_64-linux-gnu/libXxf86vm.so.1.0.0
7fcdbec95000-7fcdbeca4000 r-xp 00000000 08:05 1446187                    /usr/lib/x86_64-linux-gnu/libXi.so.6.1.0
7fcdbeca4000-7fcdbeea3000 ---p 0000f000 08:05 1446187                    /usr/lib/x86_64-linux-gnu/libXi.so.6.1.0
7fcdbeea3000-7fcdbeea4000 r--p 0000e000 08:05 1446187                    /usr/lib/x86_64-linux-gnu/libXi.so.6.1.0
7fcdbeea4000-7fcdbeea5000 rw-p 0000f000 08:05 1446187                    /usr/lib/x86_64-linux-gnu/libXi.so.6.1.0
7fcdbeea5000-7fcdbeea7000 r-xp 00000000 08:05 1446196                    /usr/lib/x86_64-linux-gnu/libXinerama.so.1.0.0
7fcdbeea7000-7fcdbf0a6000 ---p 00002000 08:05 1446196                    /usr/lib/x86_64-linux-gnu/libXinerama.so.1.0.0
7fcdbf0a6000-7fcdbf0a7000 r--p 00001000 08:05 1446196                    /usr/lib/x86_64-linux-gnu/libXinerama.so.1.0.0
7fcdbf0a7000-7fcdbf0a8000 rw-p 00002000 08:05 1446196                    /usr/lib/x86_64-linux-gnu/libXinerama.so.1.0.0
7fcdbf0a8000-7fcdbf0b1000 r-xp 00000000 08:05 1446206                    /usr/lib/x86_64-linux-gnu/libXrandr.so.2.2.0
7fcdbf0b1000-7fcdbf2b0000 ---p 00009000 08:05 1446206                    /usr/lib/x86_64-linux-gnu/libXrandr.so.2.2.0
7fcdbf2b0000-7fcdbf2b1000 r--p 00008000 08:05 1446206                    /usr/lib/x86_64-linux-gnu/libXrandr.so.2.2.0
7fcdbf2b1000-7fcdbf2b2000 rw-p 00009000 08:05 1446206                    /usr/lib/x86_64-linux-gnu/libXrandr.so.2.2.0
7fcdbf2b2000-7fcdbf3e2000 r-xp 00000000 08:05 1446169                    /usr/lib/x86_64-linux-gnu/libX11.so.6.3.0
7fcdbf3e2000-7fcdbf5e2000 ---p 00130000 08:05 1446169                    /usr/lib/x86_64-linux-gnu/libX11.so.6.3.0
7fcdbf5e2000-7fcdbf5e3000 r--p 00130000 08:05 1446169                    /usr/lib/x86_64-linux-gnu/libX11.so.6.3.0
7fcdbf5e3000-7fcdbf5e7000 rw-p 00131000 08:05 1446169                    /usr/lib/x86_64-linux-gnu/libX11.so.6.3.0
7fcdbf5e7000-7fcdbf5eb000 r-xp 00000000 08:05 1187752                    /tmp/lwjglvictor/6f5f8e99/libglfw.so
7fcdbf5eb000-7fcdbf5ff000 r-xp 00000000 00:00 0 
7fcdbf5ff000-7fcdbf7fe000 ---p 00018000 08:05 1187752                    /tmp/lwjglvictor/6f5f8e99/libglfw.so
7fcdbf7fe000-7fcdbf7ff000 rw-p 0000d000 08:05 1187752                    /tmp/lwjglvictor/6f5f8e99/libglfw.so
7fcdbf7ff000-7fcdbfa00000 rw-p 00000000 00:00 0 
7fcdbfa5a000-7fcdbfa5d000 ---p 00000000 00:00 0 
7fcdbfa5d000-7fcdbfb5b000 rw-p 00000000 00:00 0                          [stack:4589]
7fcdbfb5b000-7fcdbfb5e000 r-xp 00000000 08:05 1187751                    /tmp/lwjglvictor/6f5f8e99/libjemalloc.so
7fcdbfb5e000-7fcdbfb9a000 r-xp 00000000 00:00 0 
7fcdbfb9a000-7fcdbfd99000 ---p 0003f000 08:05 1187751                    /tmp/lwjglvictor/6f5f8e99/libjemalloc.so
7fcdbfd99000-7fcdbfd9b000 r--p 0001c000 08:05 1187751                    /tmp/lwjglvictor/6f5f8e99/libjemalloc.so
7fcdbfd9b000-7fcdbfd9c000 rw-p 0001e000 08:05 1187751                    /tmp/lwjglvictor/6f5f8e99/libjemalloc.so
7fcdbfd9c000-7fcdbfd9d000 rw-p 00000000 00:00 0 
7fcdbfd9d000-7fcdbfdaa000 r-xp 00000000 08:05 1187750                    /tmp/lwjglvictor/6f5f8e99/liblwjgl.so
7fcdbfdaa000-7fcdbfdfe000 r-xp 00000000 00:00 0 
7fcdbfdfe000-7fcdbfffd000 ---p 00061000 08:05 1187750                    /tmp/lwjglvictor/6f5f8e99/liblwjgl.so
7fcdbfffd000-7fcdbffff000 rw-p 00033000 08:05 1187750                    /tmp/lwjglvictor/6f5f8e99/liblwjgl.so
7fcdbffff000-7fcdc0000000 rw-p 00000000 00:00 0 
7fcdc0000000-7fcdc0021000 rw-p 00000000 00:00 0 
7fcdc0021000-7fcdc4000000 ---p 00000000 00:00 0 
7fcdc4000000-7fcdc4021000 rw-p 00000000 00:00 0 
7fcdc4021000-7fcdc8000000 ---p 00000000 00:00 0 
7fcdc8000000-7fcdc8021000 rw-p 00000000 00:00 0 
7fcdc8021000-7fcdcc000000 ---p 00000000 00:00 0 
7fcdcc000000-7fcdcc4f4000 rw-p 00000000 00:00 0 
7fcdcc4f4000-7fcdd0000000 ---p 00000000 00:00 0 
7fcdd0000000-7fcdd0021000 rw-p 00000000 00:00 0 
7fcdd0021000-7fcdd4000000 ---p 00000000 00:00 0 
7fcdd4000000-7fcdd4021000 rw-p 00000000 00:00 0 
7fcdd4021000-7fcdd8000000 ---p 00000000 00:00 0 
7fcdd8000000-7fcdd8047000 rw-p 00000000 00:00 0 
7fcdd8047000-7fcddc000000 ---p 00000000 00:00 0 
7fcddc000000-7fcddc05d000 rw-p 00000000 00:00 0 
7fcddc05d000-7fcde0000000 ---p 00000000 00:00 0 
7fcde0000000-7fcde0021000 rw-p 00000000 00:00 0 
7fcde0021000-7fcde4000000 ---p 00000000 00:00 0 
7fcde4000000-7fcde4021000 rw-p 00000000 00:00 0 
7fcde4021000-7fcde8000000 ---p 00000000 00:00 0 
7fcde8000000-7fcde8021000 rw-p 00000000 00:00 0 
7fcde8021000-7fcdec000000 ---p 00000000 00:00 0 
7fcdec000000-7fcdec411000 rw-p 00000000 00:00 0 
7fcdec411000-7fcdf0000000 ---p 00000000 00:00 0 
7fcdf0000000-7fcdf0021000 rw-p 00000000 00:00 0 
7fcdf0021000-7fcdf4000000 ---p 00000000 00:00 0 
7fcdf4000000-7fcdf4021000 rw-p 00000000 00:00 0 
7fcdf4021000-7fcdf8000000 ---p 00000000 00:00 0 
7fcdf8000000-7fcdf8021000 rw-p 00000000 00:00 0 
7fcdf8021000-7fcdfc000000 ---p 00000000 00:00 0 
7fcdfc000000-7fcdfc021000 rw-p 00000000 00:00 0 
7fcdfc021000-7fce00000000 ---p 00000000 00:00 0 
7fce00000000-7fce00021000 rw-p 00000000 00:00 0 
7fce00021000-7fce04000000 ---p 00000000 00:00 0 
7fce04000000-7fce04021000 rw-p 00000000 00:00 0 
7fce04021000-7fce08000000 ---p 00000000 00:00 0 
7fce080f1000-7fce080f4000 ---p 00000000 00:00 0 
7fce080f4000-7fce081f2000 rw-p 00000000 00:00 0                          [stack:4577]
7fce081f2000-7fce081f5000 ---p 00000000 00:00 0 
7fce081f5000-7fce082f3000 rw-p 00000000 00:00 0                          [stack:4567]
7fce082f3000-7fce082f6000 ---p 00000000 00:00 0 
7fce082f6000-7fce083f4000 rw-p 00000000 00:00 0                          [stack:4565]
7fce083f4000-7fce083f7000 ---p 00000000 00:00 0 
7fce083f7000-7fce084f5000 rw-p 00000000 00:00 0                          [stack:4735]
7fce084f5000-7fce084f8000 ---p 00000000 00:00 0 
7fce084f8000-7fce085f6000 rw-p 00000000 00:00 0                          [stack:4562]
7fce085f6000-7fce085f9000 ---p 00000000 00:00 0 
7fce085f9000-7fce086f7000 rw-p 00000000 00:00 0                          [stack:4561]
7fce086f7000-7fce086fa000 ---p 00000000 00:00 0 
7fce086fa000-7fce087f8000 rw-p 00000000 00:00 0                          [stack:4560]
7fce087f8000-7fce08863000 r--s 0069e000 08:05 1323462                    /usr/lib/jvm/java-7-openjdk-amd64/lib/tools.jar
7fce08863000-7fce08866000 ---p 00000000 00:00 0 
7fce08866000-7fce08964000 rw-p 00000000 00:00 0                          [stack:4555]
7fce08964000-7fce089a1000 r-xp 00000000 08:05 1181818                    /lib/x86_64-linux-gnu/libpcre.so.3.13.1
7fce089a1000-7fce08ba0000 ---p 0003d000 08:05 1181818                    /lib/x86_64-linux-gnu/libpcre.so.3.13.1
7fce08ba0000-7fce08ba1000 r--p 0003c000 08:05 1181818                    /lib/x86_64-linux-gnu/libpcre.so.3.13.1
7fce08ba1000-7fce08ba2000 rw-p 0003d000 08:05 1181818                    /lib/x86_64-linux-gnu/libpcre.so.3.13.1
7fce08ba2000-7fce08ba9000 r-xp 00000000 08:05 1446455                    /usr/lib/x86_64-linux-gnu/libffi.so.6.0.1
7fce08ba9000-7fce08da8000 ---p 00007000 08:05 1446455                    /usr/lib/x86_64-linux-gnu/libffi.so.6.0.1
7fce08da8000-7fce08da9000 r--p 00006000 08:05 1446455                    /usr/lib/x86_64-linux-gnu/libffi.so.6.0.1
7fce08da9000-7fce08daa000 rw-p 00007000 08:05 1446455                    /usr/lib/x86_64-linux-gnu/libffi.so.6.0.1
7fce08daa000-7fce08dc1000 r-xp 00000000 08:05 1193151                    /lib/x86_64-linux-gnu/libresolv-2.19.so
7fce08dc1000-7fce08fc1000 ---p 00017000 08:05 1193151                    /lib/x86_64-linux-gnu/libresolv-2.19.so
7fce08fc1000-7fce08fc2000 r--p 00017000 08:05 1193151                    /lib/x86_64-linux-gnu/libresolv-2.19.so
7fce08fc2000-7fce08fc3000 rw-p 00018000 08:05 1193151                    /lib/x86_64-linux-gnu/libresolv-2.19.so
7fce08fc3000-7fce08fc5000 rw-p 00000000 00:00 0 
7fce08fc5000-7fce08fe5000 r-xp 00000000 08:05 1181895                    /lib/x86_64-linux-gnu/libselinux.so.1
7fce08fe5000-7fce091e4000 ---p 00020000 08:05 1181895                    /lib/x86_64-linux-gnu/libselinux.so.1
7fce091e4000-7fce091e5000 r--p 0001f000 08:05 1181895                    /lib/x86_64-linux-gnu/libselinux.so.1
7fce091e5000-7fce091e6000 rw-p 00020000 08:05 1181895                    /lib/x86_64-linux-gnu/libselinux.so.1
7fce091e6000-7fce091e8000 rw-p 00000000 00:00 0 
7fce091e8000-7fce091eb000 r-xp 00000000 08:05 1446568                    /usr/lib/x86_64-linux-gnu/libgmodule-2.0.so.0.4002.0
7fce091eb000-7fce093ea000 ---p 00003000 08:05 1446568                    /usr/lib/x86_64-linux-gnu/libgmodule-2.0.so.0.4002.0
7fce093ea000-7fce093eb000 r--p 00002000 08:05 1446568                    /usr/lib/x86_64-linux-gnu/libgmodule-2.0.so.0.4002.0
7fce093eb000-7fce093ec000 rw-p 00003000 08:05 1446568                    /usr/lib/x86_64-linux-gnu/libgmodule-2.0.so.0.4002.0
7fce093ec000-7fce094f2000 r-xp 00000000 08:05 1181796                    /lib/x86_64-linux-gnu/libglib-2.0.so.0.4002.0
7fce094f2000-7fce096f1000 ---p 00106000 08:05 1181796                    /lib/x86_64-linux-gnu/libglib-2.0.so.0.4002.0
7fce096f1000-7fce096f2000 r--p 00105000 08:05 1181796                    /lib/x86_64-linux-gnu/libglib-2.0.so.0.4002.0
7fce096f2000-7fce096f3000 rw-p 00106000 08:05 1181796                    /lib/x86_64-linux-gnu/libglib-2.0.so.0.4002.0
7fce096f3000-7fce096f4000 rw-p 00000000 00:00 0 
7fce096f4000-7fce09743000 r-xp 00000000 08:05 1446584                    /usr/lib/x86_64-linux-gnu/libgobject-2.0.so.0.4002.0
7fce09743000-7fce09943000 ---p 0004f000 08:05 1446584                    /usr/lib/x86_64-linux-gnu/libgobject-2.0.so.0.4002.0
7fce09943000-7fce09944000 r--p 0004f000 08:05 1446584                    /usr/lib/x86_64-linux-gnu/libgobject-2.0.so.0.4002.0
7fce09944000-7fce09945000 rw-p 00050000 08:05 1446584                    /usr/lib/x86_64-linux-gnu/libgobject-2.0.so.0.4002.0
7fce09945000-7fce09ab1000 r-xp 00000000 08:05 1446556                    /usr/lib/x86_64-linux-gnu/libgio-2.0.so.0.4002.0
7fce09ab1000-7fce09cb0000 ---p 0016c000 08:05 1446556                    /usr/lib/x86_64-linux-gnu/libgio-2.0.so.0.4002.0
7fce09cb0000-7fce09cb4000 r--p 0016b000 08:05 1446556                    /usr/lib/x86_64-linux-gnu/libgio-2.0.so.0.4002.0
7fce09cb4000-7fce09cb6000 rw-p 0016f000 08:05 1446556                    /usr/lib/x86_64-linux-gnu/libgio-2.0.so.0.4002.0
7fce09cb6000-7fce09cb8000 rw-p 00000000 00:00 0 
7fce09cb8000-7fce09ccf000 r-xp 00000000 08:05 1325853                    /usr/lib/jvm/java-7-openjdk-amd64/jre/lib/amd64/libnet.so
7fce09ccf000-7fce09ece000 ---p 00017000 08:05 1325853                    /usr/lib/jvm/java-7-openjdk-amd64/jre/lib/amd64/libnet.so
7fce09ece000-7fce09ecf000 r--p 00016000 08:05 1325853                    /usr/lib/jvm/java-7-openjdk-amd64/jre/lib/amd64/libnet.so
7fce09ecf000-7fce09ed0000 rw-p 00017000 08:05 1325853                    /usr/lib/jvm/java-7-openjdk-amd64/jre/lib/amd64/libnet.so
7fce09ed0000-7fce0c000000 rw-p 00000000 00:00 0 
7fce0c000000-7fce0c021000 rw-p 00000000 00:00 0 
7fce0c021000-7fce10000000 ---p 00000000 00:00 0 
7fce10000000-7fce10021000 rw-p 00000000 00:00 0 
7fce10021000-7fce14000000 ---p 00000000 00:00 0 
7fce14000000-7fce14021000 rw-p 00000000 00:00 0 
7fce14021000-7fce18000000 ---p 00000000 00:00 0 
7fce1802c000-7fce1802d000 rw-p 00000000 00:00 0 
7fce1802d000-7fce18034000 r--s 00000000 08:05 9432                       /usr/lib/x86_64-linux-gnu/gconv/gconv-modules.cache
7fce18034000-7fce18037000 ---p 00000000 00:00 0 
7fce18037000-7fce18135000 rw-p 00000000 00:00 0 
7fce18135000-7fce18150000 r--s 001e6000 08:05 560809                     /home/victor/.m2/repository/org/lwjgl/lwjgl/3.0.0b/lwjgl-3.0.0b.jar
7fce18150000-7fce18160000 r-xp 00000000 08:05 1325859                    /usr/lib/jvm/java-7-openjdk-amd64/jre/lib/amd64/libnio.so
7fce18160000-7fce18360000 ---p 00010000 08:05 1325859                    /usr/lib/jvm/java-7-openjdk-amd64/jre/lib/amd64/libnio.so
7fce18360000-7fce18361000 r--p 00010000 08:05 1325859                    /usr/lib/jvm/java-7-openjdk-amd64/jre/lib/amd64/libnio.so
7fce18361000-7fce18362000 rw-p 00011000 08:05 1325859                    /usr/lib/jvm/java-7-openjdk-amd64/jre/lib/amd64/libnio.so
7fce18362000-7fce183a5000 r--s 00332000 08:05 177748                     /home/victor/.m2/repository/org/clojure/clojure/1.8.0/clojure-1.8.0.jar
7fce183a5000-7fce183a6000 ---p 00000000 00:00 0 
7fce183a6000-7fce184a6000 rw-p 00000000 00:00 0                          [stack:4551]
7fce184a6000-7fce184a9000 ---p 00000000 00:00 0 
7fce184a9000-7fce185a7000 rw-p 00000000 00:00 0                          [stack:4550]
7fce185a7000-7fce185aa000 ---p 00000000 00:00 0 
7fce185aa000-7fce186a8000 rw-p 00000000 00:00 0                          [stack:4549]
7fce186a8000-7fce186ab000 ---p 00000000 00:00 0 
7fce186ab000-7fce187a9000 rw-p 00000000 00:00 0                          [stack:4548]
7fce187a9000-7fce187ac000 ---p 00000000 00:00 0 
7fce187ac000-7fce188aa000 rw-p 00000000 00:00 0                          [stack:4547]
7fce188aa000-7fce188ad000 ---p 00000000 00:00 0 
7fce188ad000-7fce189ab000 rw-p 00000000 00:00 0                          [stack:4546]
7fce189ab000-7fce1908e000 r--p 00000000 08:05 1443562                    /usr/lib/locale/locale-archive
7fce1908e000-7fce19091000 ---p 00000000 00:00 0 
7fce19091000-7fce1918f000 rw-p 00000000 00:00 0                          [stack:4545]
7fce1918f000-7fce19192000 ---p 00000000 00:00 0 
7fce19192000-7fce19290000 rw-p 00000000 00:00 0                          [stack:4544]
7fce19290000-7fce19291000 ---p 00000000 00:00 0 
7fce19291000-7fce1a000000 rw-p 00000000 00:00 0                          [stack:4543]
7fce1a000000-7fce1a620000 rwxp 00000000 00:00 0 
7fce1a620000-7fce20f3f000 rw-p 00000000 00:00 0 
7fce20f3f000-7fce24000000 ---p 00000000 00:00 0 
7fce24000000-7fce24005000 r--s 0004d000 08:05 1324421                    /usr/lib/jvm/java-7-openjdk-amd64/jre/lib/jsse.jar
7fce24005000-7fce2400f000 r--s 000ae000 08:05 1324416                    /usr/lib/jvm/java-7-openjdk-amd64/jre/lib/resources.jar
7fce2400f000-7fce24010000 r--s 00002000 08:05 277184                     /home/victor/.m2/repository/clojure-complete/clojure-complete/0.2.4/clojure-complete-0.2.4.jar
7fce24010000-7fce24011000 r--s 00009000 08:05 565627                     /home/victor/.m2/repository/org/clojure/tools.nrepl/0.2.12/tools.nrepl-0.2.12.jar
7fce24011000-7fce24012000 r--s 000f9000 08:05 561625                     /home/victor/.m2/repository/org/lwjgl/lwjgl-platform/3.0.0b/lwjgl-platform-3.0.0b-natives-linux.jar
7fce24012000-7fce24013000 r--s 00001000 08:05 561795                     /home/victor/.m2/repository/org/tcrawley/dynapath/0.2.4/dynapath-0.2.4.jar
7fce24013000-7fce2401c000 r--s 00049000 08:05 561799                     /home/victor/.m2/repository/cider/cider-nrepl/0.13.0/cider-nrepl-0.13.0.jar
7fce2401c000-7fce24361000 rw-p 00000000 00:00 0 
7fce24361000-7fce24512000 r--s 01d29000 08:05 1324411                    /usr/lib/jvm/java-7-openjdk-amd64/jre/lib/rt.jar
7fce24512000-7fce247f6000 rw-p 00000000 00:00 0 
7fce247f6000-7fce247f7000 ---p 00000000 00:00 0 
7fce247f7000-7fce248f7000 rw-p 00000000 00:00 0                          [stack:4542]
7fce248f7000-7fce248f8000 ---p 00000000 00:00 0 
7fce248f8000-7fce249f8000 rw-p 00000000 00:00 0                          [stack:4541]
7fce249f8000-7fce249f9000 ---p 00000000 00:00 0 
7fce249f9000-7fce24af9000 rw-p 00000000 00:00 0                          [stack:4540]
7fce24af9000-7fce24afa000 ---p 00000000 00:00 0 
7fce24afa000-7fce24c0d000 rw-p 00000000 00:00 0                          [stack:4539]
7fce24c0d000-7fce24d25000 rw-p 00000000 00:00 0 
7fce24d25000-7fce24d35000 rw-p 00000000 00:00 0 
7fce24d35000-7fce24d78000 rw-p 00000000 00:00 0 
7fce24d78000-7fce24d8b000 rw-p 00000000 00:00 0 
7fce24d8b000-7fce24ea2000 rw-p 00000000 00:00 0 
7fce24ea2000-7fce24f38000 rw-p 00000000 00:00 0 
7fce24f38000-7fce24f52000 rw-p 00000000 00:00 0 
7fce24f52000-7fce250b9000 rw-p 00000000 00:00 0 
7fce250b9000-7fce250c1000 r-xp 00000000 08:05 1324509                    /usr/lib/jvm/java-7-openjdk-amd64/jre/lib/amd64/libzip.so
7fce250c1000-7fce252c0000 ---p 00008000 08:05 1324509                    /usr/lib/jvm/java-7-openjdk-amd64/jre/lib/amd64/libzip.so
7fce252c0000-7fce252c1000 r--p 00007000 08:05 1324509                    /usr/lib/jvm/java-7-openjdk-amd64/jre/lib/amd64/libzip.so
7fce252c1000-7fce252c2000 rw-p 00008000 08:05 1324509                    /usr/lib/jvm/java-7-openjdk-amd64/jre/lib/amd64/libzip.so
7fce252c2000-7fce252cd000 r-xp 00000000 08:05 1193155                    /lib/x86_64-linux-gnu/libnss_files-2.19.so
7fce252cd000-7fce254cc000 ---p 0000b000 08:05 1193155                    /lib/x86_64-linux-gnu/libnss_files-2.19.so
7fce254cc000-7fce254cd000 r--p 0000a000 08:05 1193155                    /lib/x86_64-linux-gnu/libnss_files-2.19.so
7fce254cd000-7fce254ce000 rw-p 0000b000 08:05 1193155                    /lib/x86_64-linux-gnu/libnss_files-2.19.so
7fce254ce000-7fce254d9000 r-xp 00000000 08:05 1193175                    /lib/x86_64-linux-gnu/libnss_nis-2.19.so
7fce254d9000-7fce256d8000 ---p 0000b000 08:05 1193175                    /lib/x86_64-linux-gnu/libnss_nis-2.19.so
7fce256d8000-7fce256d9000 r--p 0000a000 08:05 1193175                    /lib/x86_64-linux-gnu/libnss_nis-2.19.so
7fce256d9000-7fce256da000 rw-p 0000b000 08:05 1193175                    /lib/x86_64-linux-gnu/libnss_nis-2.19.so
7fce256da000-7fce256f1000 r-xp 00000000 08:05 1193164                    /lib/x86_64-linux-gnu/libnsl-2.19.so
7fce256f1000-7fce258f0000 ---p 00017000 08:05 1193164                    /lib/x86_64-linux-gnu/libnsl-2.19.so
7fce258f0000-7fce258f1000 r--p 00016000 08:05 1193164                    /lib/x86_64-linux-gnu/libnsl-2.19.so
7fce258f1000-7fce258f2000 rw-p 00017000 08:05 1193164                    /lib/x86_64-linux-gnu/libnsl-2.19.so
7fce258f2000-7fce258f4000 rw-p 00000000 00:00 0 
7fce258f4000-7fce258fd000 r-xp 00000000 08:05 1193163                    /lib/x86_64-linux-gnu/libnss_compat-2.19.so
7fce258fd000-7fce25afc000 ---p 00009000 08:05 1193163                    /lib/x86_64-linux-gnu/libnss_compat-2.19.so
7fce25afc000-7fce25afd000 r--p 00008000 08:05 1193163                    /lib/x86_64-linux-gnu/libnss_compat-2.19.so
7fce25afd000-7fce25afe000 rw-p 00009000 08:05 1193163                    /lib/x86_64-linux-gnu/libnss_compat-2.19.so
7fce25afe000-7fce25b29000 r-xp 00000000 08:05 1325862                    /usr/lib/jvm/java-7-openjdk-amd64/jre/lib/amd64/libjava.so
7fce25b29000-7fce25d28000 ---p 0002b000 08:05 1325862                    /usr/lib/jvm/java-7-openjdk-amd64/jre/lib/amd64/libjava.so
7fce25d28000-7fce25d29000 r--p 0002a000 08:05 1325862                    /usr/lib/jvm/java-7-openjdk-amd64/jre/lib/amd64/libjava.so
7fce25d29000-7fce25d2b000 rw-p 0002b000 08:05 1325862                    /usr/lib/jvm/java-7-openjdk-amd64/jre/lib/amd64/libjava.so
7fce25d2b000-7fce25d3b000 r-xp 00000000 08:05 1324604                    /usr/lib/jvm/java-7-openjdk-amd64/jre/lib/amd64/libverify.so
7fce25d3b000-7fce25f3a000 ---p 00010000 08:05 1324604                    /usr/lib/jvm/java-7-openjdk-amd64/jre/lib/amd64/libverify.so
7fce25f3a000-7fce25f3c000 r--p 0000f000 08:05 1324604                    /usr/lib/jvm/java-7-openjdk-amd64/jre/lib/amd64/libverify.so
7fce25f3c000-7fce25f3d000 rw-p 00011000 08:05 1324604                    /usr/lib/jvm/java-7-openjdk-amd64/jre/lib/amd64/libverify.so
7fce25f3d000-7fce25f44000 r-xp 00000000 08:05 1193172                    /lib/x86_64-linux-gnu/librt-2.19.so
7fce25f44000-7fce26143000 ---p 00007000 08:05 1193172                    /lib/x86_64-linux-gnu/librt-2.19.so
7fce26143000-7fce26144000 r--p 00006000 08:05 1193172                    /lib/x86_64-linux-gnu/librt-2.19.so
7fce26144000-7fce26145000 rw-p 00007000 08:05 1193172                    /lib/x86_64-linux-gnu/librt-2.19.so
7fce26145000-7fce2615b000 r-xp 00000000 08:05 1181792                    /lib/x86_64-linux-gnu/libgcc_s.so.1
7fce2615b000-7fce2635a000 ---p 00016000 08:05 1181792                    /lib/x86_64-linux-gnu/libgcc_s.so.1
7fce2635a000-7fce2635b000 rw-p 00015000 08:05 1181792                    /lib/x86_64-linux-gnu/libgcc_s.so.1
7fce2635b000-7fce26460000 r-xp 00000000 08:05 1193152                    /lib/x86_64-linux-gnu/libm-2.19.so
7fce26460000-7fce2665f000 ---p 00105000 08:05 1193152                    /lib/x86_64-linux-gnu/libm-2.19.so
7fce2665f000-7fce26660000 r--p 00104000 08:05 1193152                    /lib/x86_64-linux-gnu/libm-2.19.so
7fce26660000-7fce26661000 rw-p 00105000 08:05 1193152                    /lib/x86_64-linux-gnu/libm-2.19.so
7fce26661000-7fce26747000 r-xp 00000000 08:05 1439716                    /usr/lib/x86_64-linux-gnu/libstdc++.so.6.0.19
7fce26747000-7fce26946000 ---p 000e6000 08:05 1439716                    /usr/lib/x86_64-linux-gnu/libstdc++.so.6.0.19
7fce26946000-7fce2694e000 r--p 000e5000 08:05 1439716                    /usr/lib/x86_64-linux-gnu/libstdc++.so.6.0.19
7fce2694e000-7fce26950000 rw-p 000ed000 08:05 1439716                    /usr/lib/x86_64-linux-gnu/libstdc++.so.6.0.19
7fce26950000-7fce26965000 rw-p 00000000 00:00 0 
7fce26965000-7fce2747e000 r-xp 00000000 08:05 1324523                    /usr/lib/jvm/java-7-openjdk-amd64/jre/lib/amd64/server/libjvm.so
7fce2747e000-7fce2767e000 ---p 00b19000 08:05 1324523                    /usr/lib/jvm/java-7-openjdk-amd64/jre/lib/amd64/server/libjvm.so
7fce2767e000-7fce27718000 r--p 00b19000 08:05 1324523                    /usr/lib/jvm/java-7-openjdk-amd64/jre/lib/amd64/server/libjvm.so
7fce27718000-7fce2773b000 rw-p 00bb3000 08:05 1324523                    /usr/lib/jvm/java-7-openjdk-amd64/jre/lib/amd64/server/libjvm.so
7fce2773b000-7fce27769000 rw-p 00000000 00:00 0 
7fce27769000-7fce27781000 r-xp 00000000 08:05 1181928                    /lib/x86_64-linux-gnu/libz.so.1.2.8
7fce27781000-7fce27980000 ---p 00018000 08:05 1181928                    /lib/x86_64-linux-gnu/libz.so.1.2.8
7fce27980000-7fce27981000 r--p 00017000 08:05 1181928                    /lib/x86_64-linux-gnu/libz.so.1.2.8
7fce27981000-7fce27982000 rw-p 00018000 08:05 1181928                    /lib/x86_64-linux-gnu/libz.so.1.2.8
7fce27982000-7fce2799b000 r-xp 00000000 08:05 1193170                    /lib/x86_64-linux-gnu/libpthread-2.19.so
7fce2799b000-7fce27b9a000 ---p 00019000 08:05 1193170                    /lib/x86_64-linux-gnu/libpthread-2.19.so
7fce27b9a000-7fce27b9b000 r--p 00018000 08:05 1193170                    /lib/x86_64-linux-gnu/libpthread-2.19.so
7fce27b9b000-7fce27b9c000 rw-p 00019000 08:05 1193170                    /lib/x86_64-linux-gnu/libpthread-2.19.so
7fce27b9c000-7fce27ba0000 rw-p 00000000 00:00 0 
7fce27ba0000-7fce27ba3000 r-xp 00000000 08:05 1193158                    /lib/x86_64-linux-gnu/libdl-2.19.so
7fce27ba3000-7fce27da2000 ---p 00003000 08:05 1193158                    /lib/x86_64-linux-gnu/libdl-2.19.so
7fce27da2000-7fce27da3000 r--p 00002000 08:05 1193158                    /lib/x86_64-linux-gnu/libdl-2.19.so
7fce27da3000-7fce27da4000 rw-p 00003000 08:05 1193158                    /lib/x86_64-linux-gnu/libdl-2.19.so
7fce27da4000-7fce27f5f000 r-xp 00000000 08:05 1193169                    /lib/x86_64-linux-gnu/libc-2.19.so
7fce27f5f000-7fce2815e000 ---p 001bb000 08:05 1193169                    /lib/x86_64-linux-gnu/libc-2.19.so
7fce2815e000-7fce28162000 r--p 001ba000 08:05 1193169                    /lib/x86_64-linux-gnu/libc-2.19.so
7fce28162000-7fce28164000 rw-p 001be000 08:05 1193169                    /lib/x86_64-linux-gnu/libc-2.19.so
7fce28164000-7fce28169000 rw-p 00000000 00:00 0 
7fce28169000-7fce28176000 r-xp 00000000 08:05 1324511                    /usr/lib/jvm/java-7-openjdk-amd64/jre/lib/amd64/jli/libjli.so
7fce28176000-7fce28375000 ---p 0000d000 08:05 1324511                    /usr/lib/jvm/java-7-openjdk-amd64/jre/lib/amd64/jli/libjli.so
7fce28375000-7fce28376000 r--p 0000c000 08:05 1324511                    /usr/lib/jvm/java-7-openjdk-amd64/jre/lib/amd64/jli/libjli.so
7fce28376000-7fce28377000 rw-p 0000d000 08:05 1324511                    /usr/lib/jvm/java-7-openjdk-amd64/jre/lib/amd64/jli/libjli.so
7fce28377000-7fce2839a000 r-xp 00000000 08:05 1193166                    /lib/x86_64-linux-gnu/ld-2.19.so
7fce2839a000-7fce2839d000 r--s 0000f000 08:05 1324479                    /usr/lib/jvm/java-7-openjdk-amd64/jre/lib/ext/icedtea-sound.jar
7fce2839d000-7fce2839f000 r--s 00012000 08:05 1324495                    /usr/lib/jvm/java-7-openjdk-amd64/jre/lib/ext/zipfs.jar
7fce2839f000-7fce283a3000 r--s 0003c000 08:05 1324478                    /usr/lib/jvm/java-7-openjdk-amd64/jre/lib/ext/sunpkcs11.jar
7fce283a3000-7fce283a7000 r--s 00034000 08:05 1324476                    /usr/lib/jvm/java-7-openjdk-amd64/jre/lib/ext/sunjce_provider.jar
7fce283a7000-7fce283ab000 r--s 00085000 08:05 1324474                    /usr/lib/jvm/java-7-openjdk-amd64/jre/lib/ext/localedata.jar
7fce283ab000-7fce2842c000 rw-p 00000000 00:00 0 
7fce2842c000-7fce2846f000 rw-p 00000000 00:00 0 
7fce2846f000-7fce28472000 ---p 00000000 00:00 0 
7fce28472000-7fce28575000 rw-p 00000000 00:00 0                          [stack:4537]
7fce28575000-7fce28576000 r--s 00002000 08:05 1324475                    /usr/lib/jvm/java-7-openjdk-amd64/jre/lib/ext/dnsns.jar
7fce28576000-7fce28578000 r--s 00006000 08:05 1633569                    /usr/share/java/java-atk-wrapper.jar
7fce28578000-7fce2858d000 rw-p 00000000 00:00 0 
7fce2858d000-7fce28595000 rw-s 00000000 08:05 1187746                    /tmp/hsperfdata_victor/4532
7fce28595000-7fce28596000 rw-p 00000000 00:00 0 
7fce28596000-7fce28597000 r--p 00000000 00:00 0 
7fce28597000-7fce28599000 rw-p 00000000 00:00 0 
7fce28599000-7fce2859a000 r--p 00022000 08:05 1193166                    /lib/x86_64-linux-gnu/ld-2.19.so
7fce2859a000-7fce2859b000 rw-p 00023000 08:05 1193166                    /lib/x86_64-linux-gnu/ld-2.19.so
7fce2859b000-7fce2859c000 rw-p 00000000 00:00 0 
7fffb7dda000-7fffb7dfc000 rw-p 00000000 00:00 0                          [stack]
7fffb7dfc000-7fffb7dfe000 r-xp 00000000 00:00 0                          [vdso]
7fffb7dfe000-7fffb7e00000 r--p 00000000 00:00 0                          [vvar]
ffffffffff600000-ffffffffff601000 r-xp 00000000 00:00 0                  [vsyscall]

VM Arguments:
jvm_args: -Dfile.encoding=UTF-8 -XX:+TieredCompilation -XX:TieredStopAtLevel=1 -XX:-OmitStackTraceInFastThrow -Dclojure.compile.path=/home/victor/clojure/test-lwjgl/target/classes -Dtest-lwjgl.version=0.1.0-SNAPSHOT -Dclojure.debug=false 
java_command: clojure.main -i /tmp/form-init6069021054916916816.clj
Launcher Type: SUN_STANDARD

Environment Variables:
CLASSPATH=/home/victor/.lein/self-installs/leiningen-2.7.1-standalone.jar
PATH=/home/victor/.rvm/gems/ruby-2.3.0/bin:/home/victor/.rvm/gems/ruby-2.3.0@global/bin:/home/victor/.rvm/rubies/ruby-2.3.0/bin:/home/victor/bin:/usr/local/heroku/bin:/home/victor/.rbenv/plugins/ruby-build/bin:/home/victor/.rbenv/shims:/home/victor/.rbenv/bin:/home/victor/.rvm/gems/ruby-2.3.0/bin:/home/victor/.rvm/gems/ruby-2.3.0@global/bin:/home/victor/.rvm/rubies/ruby-2.3.0/bin:/home/victor/bin:/usr/local/heroku/bin:/home/victor/.rbenv/plugins/ruby-build/bin:/home/victor/.rbenv/shims:/home/victor/.rbenv/bin:/home/victor/.rvm/gems/ruby-2.3.0/bin:/home/victor/.rvm/gems/ruby-2.3.0@global/bin:/home/victor/.rvm/rubies/ruby-2.3.0/bin:/home/victor/bin:/usr/local/sbin:/usr/local/bin:/usr/sbin:/usr/bin:/sbin:/bin:/usr/games:/usr/local/games:/home/victor/.rvm/bin:/home/victor/algs4/bin:/home/victor/lighttable-0.8.0-linux:/home/victor/.rvm/bin:/home/victor/.npm:/home/victor/bin:/home/victor/.rvm/bin:/home/victor/algs4/bin:/home/victor/lighttable-0.8.0-linux:/home/victor/.rvm/bin:/home/victor/.npm:/home/victor/bin:/home/victor/.rvm/bin
SHELL=/bin/bash
DISPLAY=:0

Signal Handlers:
SIGSEGV: [libjvm.so+0x94bab0], sa_mask[0]=0x7ffbfeff, sa_flags=0x10000004
SIGBUS: [libjvm.so+0x94bab0], sa_mask[0]=0x7ffbfeff, sa_flags=0x10000004
SIGFPE: [libjvm.so+0x7c38b0], sa_mask[0]=0x7ffbfeff, sa_flags=0x10000004
SIGPIPE: [libjvm.so+0x7c38b0], sa_mask[0]=0x7ffbfeff, sa_flags=0x10000004
SIGXFSZ: [libjvm.so+0x7c38b0], sa_mask[0]=0x7ffbfeff, sa_flags=0x10000004
SIGILL: [libjvm.so+0x7c38b0], sa_mask[0]=0x7ffbfeff, sa_flags=0x10000004
SIGUSR1: SIG_DFL, sa_mask[0]=0x00000000, sa_flags=0x00000000
SIGUSR2: [libjvm.so+0x7c3750], sa_mask[0]=0x00000004, sa_flags=0x10000004
SIGHUP: [libjvm.so+0x7c3930], sa_mask[0]=0x7ffbfeff, sa_flags=0x10000004
SIGINT: [libjvm.so+0x7c3930], sa_mask[0]=0x7ffbfeff, sa_flags=0x10000004
SIGTERM: [libjvm.so+0x7c3930], sa_mask[0]=0x7ffbfeff, sa_flags=0x10000004
SIGQUIT: [libjvm.so+0x7c3930], sa_mask[0]=0x7ffbfeff, sa_flags=0x10000004
SIGTRAP: SIG_DFL, sa_mask[0]=0x00000000, sa_flags=0x00000000


---------------  S Y S T E M  ---------------

OS:Ubuntu 14.04 (trusty)
uname:Linux 3.16.0-45-generic #60~14.04.1-Ubuntu SMP Fri Jul 24 21:16:23 UTC 2015 x86_64
libc:glibc 2.19 NPTL 2.19 
rlimit: STACK 8192k, CORE 0k, NPROC 13492, NOFILE 4096, AS infinity
load average:0,23 0,43 0,40

/proc/meminfo:
MemTotal:        3662248 kB
MemFree:          177980 kB
MemAvailable:     409060 kB
Buffers:           26512 kB
Cached:           832008 kB
SwapCached:        33316 kB
Active:          2339116 kB
Inactive:         818188 kB
Active(anon):    2145648 kB
Inactive(anon):   694748 kB
Active(file):     193468 kB
Inactive(file):   123440 kB
Unevictable:         120 kB
Mlocked:             120 kB
SwapTotal:       3807228 kB
SwapFree:        3341904 kB
Dirty:              1432 kB
Writeback:             0 kB
AnonPages:       2272628 kB
Mapped:           347304 kB
Shmem:            541612 kB
Slab:             201464 kB
SReclaimable:     166228 kB
SUnreclaim:        35236 kB
KernelStack:       11488 kB
PageTables:        50152 kB
NFS_Unstable:          0 kB
Bounce:                0 kB
WritebackTmp:          0 kB
CommitLimit:     5638352 kB
Committed_AS:    9389444 kB
VmallocTotal:   34359738367 kB
VmallocUsed:      353320 kB
VmallocChunk:   34359324708 kB
HardwareCorrupted:     0 kB
AnonHugePages:    909312 kB
HugePages_Total:       0
HugePages_Free:        0
HugePages_Rsvd:        0
HugePages_Surp:        0
Hugepagesize:       2048 kB
DirectMap4k:       65460 kB
DirectMap2M:     3741696 kB


CPU:total 4 (2 cores per cpu, 2 threads per core) family 6 model 58 stepping 9, cmov, cx8, fxsr, mmx, sse, sse2, sse3, ssse3, sse4.1, sse4.2, popcnt, avx, erms, ht, tsc, tscinvbit, tscinv

/proc/cpuinfo:
processor	: 0
vendor_id	: GenuineIntel
cpu family	: 6
model		: 58
model name	: Intel(R) Core(TM) i5-3337U CPU @ 1.80GHz
stepping	: 9
microcode	: 0x17
cpu MHz		: 975.023
cache size	: 3072 KB
physical id	: 0
siblings	: 4
core id		: 0
cpu cores	: 2
apicid		: 0
initial apicid	: 0
fpu		: yes
fpu_exception	: yes
cpuid level	: 13
wp		: yes
flags		: fpu vme de pse tsc msr pae mce cx8 apic sep mtrr pge mca cmov pat pse36 clflush dts acpi mmx fxsr sse sse2 ss ht tm pbe syscall nx rdtscp lm constant_tsc arch_perfmon pebs bts rep_good nopl xtopology nonstop_tsc aperfmperf eagerfpu pni pclmulqdq dtes64 monitor ds_cpl vmx est tm2 ssse3 cx16 xtpr pdcm pcid sse4_1 sse4_2 x2apic popcnt tsc_deadline_timer xsave avx f16c rdrand lahf_lm ida arat epb xsaveopt pln pts dtherm tpr_shadow vnmi flexpriority ept vpid fsgsbase smep erms
bogomips	: 3591.93
clflush size	: 64
cache_alignment	: 64
address sizes	: 36 bits physical, 48 bits virtual
power management:

processor	: 1
vendor_id	: GenuineIntel
cpu family	: 6
model		: 58
model name	: Intel(R) Core(TM) i5-3337U CPU @ 1.80GHz
stepping	: 9
microcode	: 0x17
cpu MHz		: 993.656
cache size	: 3072 KB
physical id	: 0
siblings	: 4
core id		: 0
cpu cores	: 2
apicid		: 1
initial apicid	: 1
fpu		: yes
fpu_exception	: yes
cpuid level	: 13
wp		: yes
flags		: fpu vme de pse tsc msr pae mce cx8 apic sep mtrr pge mca cmov pat pse36 clflush dts acpi mmx fxsr sse sse2 ss ht tm pbe syscall nx rdtscp lm constant_tsc arch_perfmon pebs bts rep_good nopl xtopology nonstop_tsc aperfmperf eagerfpu pni pclmulqdq dtes64 monitor ds_cpl vmx est tm2 ssse3 cx16 xtpr pdcm pcid sse4_1 sse4_2 x2apic popcnt tsc_deadline_timer xsave avx f16c rdrand lahf_lm ida arat epb xsaveopt pln pts dtherm tpr_shadow vnmi flexpriority ept vpid fsgsbase smep erms
bogomips	: 3591.93
clflush size	: 64
cache_alignment	: 64
address sizes	: 36 bits physical, 48 bits virtual
power management:

processor	: 2
vendor_id	: GenuineIntel
cpu family	: 6
model		: 58
model name	: Intel(R) Core(TM) i5-3337U CPU @ 1.80GHz
stepping	: 9
microcode	: 0x17
cpu MHz		: 1099.687
cache size	: 3072 KB
physical id	: 0
siblings	: 4
core id		: 1
cpu cores	: 2
apicid		: 2
initial apicid	: 2
fpu		: yes
fpu_exception	: yes
cpuid level	: 13
wp		: yes
flags		: fpu vme de pse tsc msr pae mce cx8 apic sep mtrr pge mca cmov pat pse36 clflush dts acpi mmx fxsr sse sse2 ss ht tm pbe syscall nx rdtscp lm constant_tsc arch_perfmon pebs bts rep_good nopl xtopology nonstop_tsc aperfmperf eagerfpu pni pclmulqdq dtes64 monitor ds_cpl vmx est tm2 ssse3 cx16 xtpr pdcm pcid sse4_1 sse4_2 x2apic popcnt tsc_deadline_timer xsave avx f16c rdrand lahf_lm ida arat epb xsaveopt pln pts dtherm tpr_shadow vnmi flexpriority ept vpid fsgsbase smep erms
bogomips	: 3591.93
clflush size	: 64
cache_alignment	: 64
address sizes	: 36 bits physical, 48 bits virtual
power management:

processor	: 3
vendor_id	: GenuineIntel
cpu family	: 6
model		: 58
model name	: Intel(R) Core(TM) i5-3337U CPU @ 1.80GHz
stepping	: 9
microcode	: 0x17
cpu MHz		: 1062.703
cache size	: 3072 KB
physical id	: 0
siblings	: 4
core id		: 1
cpu cores	: 2
apicid		: 3
initial apicid	: 3
fpu		: yes
fpu_exception	: yes
cpuid level	: 13
wp		: yes
flags		: fpu vme de pse tsc msr pae mce cx8 apic sep mtrr pge mca cmov pat pse36 clflush dts acpi mmx fxsr sse sse2 ss ht tm pbe syscall nx rdtscp lm constant_tsc arch_perfmon pebs bts rep_good nopl xtopology nonstop_tsc aperfmperf eagerfpu pni pclmulqdq dtes64 monitor ds_cpl vmx est tm2 ssse3 cx16 xtpr pdcm pcid sse4_1 sse4_2 x2apic popcnt tsc_deadline_timer xsave avx f16c rdrand lahf_lm ida arat epb xsaveopt pln pts dtherm tpr_shadow vnmi flexpriority ept vpid fsgsbase smep erms
bogomips	: 3591.93
clflush size	: 64
cache_alignment	: 64
address sizes	: 36 bits physical, 48 bits virtual
power management:



Memory: 4k page, physical 3662248k(177980k free), swap 3807228k(3341904k free)

vm_info: OpenJDK 64-Bit Server VM (24.79-b02) for linux-amd64 JRE (1.7.0_79-b14), built on Jul 24 2015 08:15:54 by "buildd" with gcc 4.8.2

time: Sun Oct  2 13:50:07 2016
elapsed time: 170 seconds

